{"C:\\Users\\roman\\Projects\\smart-budget\\src\\constants.js": {"path":"C:\\Users\\roman\\Projects\\smart-budget\\src\\constants.js","statementMap":{"0":{"start":{"line":24,"column":26},"end":{"line":29,"column":1}},"1":{"start":{"line":31,"column":34},"end":{"line":217,"column":1}}},"fnMap":{},"branchMap":{},"s":{"0":1,"1":1},"f":{},"b":{},"meta":{"lastBranch":0,"lastFunction":0,"lastStatement":2,"seen":{"s:24:26:29:1":0,"s:31:34:217:1":1}}}
,"C:\\Users\\roman\\Projects\\smart-budget\\src\\hooks\\useAuth.ts": {"path":"C:\\Users\\roman\\Projects\\smart-budget\\src\\hooks\\useAuth.ts","statementMap":{"0":{"start":{"line":32,"column":23},"end":{"line":174,"column":null}},"1":{"start":{"line":33,"column":24},"end":{"line":33,"column":null}},"2":{"start":{"line":34,"column":30},"end":{"line":34,"column":null}},"3":{"start":{"line":35,"column":44},"end":{"line":35,"column":null}},"4":{"start":{"line":36,"column":50},"end":{"line":36,"column":null}},"5":{"start":{"line":38,"column":4},"end":{"line":100,"column":null}},"6":{"start":{"line":39,"column":53},"end":{"line":39,"column":null}},"7":{"start":{"line":41,"column":14},"end":{"line":94,"column":null}},"8":{"start":{"line":42,"column":12},"end":{"line":93,"column":null}},"9":{"start":{"line":44,"column":16},"end":{"line":44,"column":null}},"10":{"start":{"line":46,"column":22},"end":{"line":54,"column":null}},"11":{"start":{"line":57,"column":16},"end":{"line":86,"column":null}},"12":{"start":{"line":60,"column":24},"end":{"line":79,"column":null}},"13":{"start":{"line":61,"column":41},"end":{"line":61,"column":null}},"14":{"start":{"line":62,"column":28},"end":{"line":62,"column":null}},"15":{"start":{"line":63,"column":28},"end":{"line":63,"column":null}},"16":{"start":{"line":66,"column":28},"end":{"line":78,"column":null}},"17":{"start":{"line":67,"column":32},"end":{"line":74,"column":null}},"18":{"start":{"line":75,"column":32},"end":{"line":75,"column":null}},"19":{"start":{"line":77,"column":32},"end":{"line":77,"column":null}},"20":{"start":{"line":80,"column":24},"end":{"line":80,"column":null}},"21":{"start":{"line":83,"column":24},"end":{"line":83,"column":null}},"22":{"start":{"line":84,"column":24},"end":{"line":84,"column":null}},"23":{"start":{"line":88,"column":16},"end":{"line":88,"column":null}},"24":{"start":{"line":89,"column":16},"end":{"line":89,"column":null}},"25":{"start":{"line":90,"column":16},"end":{"line":90,"column":null}},"26":{"start":{"line":91,"column":16},"end":{"line":91,"column":null}},"27":{"start":{"line":92,"column":16},"end":{"line":92,"column":null}},"28":{"start":{"line":92,"column":40},"end":{"line":92,"column":null}},"29":{"start":{"line":96,"column":8},"end":{"line":99,"column":null}},"30":{"start":{"line":97,"column":12},"end":{"line":97,"column":null}},"31":{"start":{"line":98,"column":12},"end":{"line":98,"column":null}},"32":{"start":{"line":98,"column":36},"end":{"line":98,"column":null}},"33":{"start":{"line":102,"column":18},"end":{"line":104,"column":null}},"34":{"start":{"line":103,"column":8},"end":{"line":103,"column":null}},"35":{"start":{"line":106,"column":21},"end":{"line":132,"column":null}},"36":{"start":{"line":107,"column":20},"end":{"line":107,"column":null}},"37":{"start":{"line":110,"column":8},"end":{"line":110,"column":null}},"38":{"start":{"line":113,"column":8},"end":{"line":119,"column":null}},"39":{"start":{"line":122,"column":8},"end":{"line":129,"column":null}},"40":{"start":{"line":123,"column":12},"end":{"line":123,"column":null}},"41":{"start":{"line":124,"column":12},"end":{"line":124,"column":null}},"42":{"start":{"line":126,"column":12},"end":{"line":126,"column":null}},"43":{"start":{"line":131,"column":8},"end":{"line":131,"column":null}},"44":{"start":{"line":135,"column":36},"end":{"line":142,"column":null}},"45":{"start":{"line":136,"column":8},"end":{"line":141,"column":null}},"46":{"start":{"line":137,"column":12},"end":{"line":137,"column":null}},"47":{"start":{"line":138,"column":12},"end":{"line":138,"column":null}},"48":{"start":{"line":140,"column":12},"end":{"line":140,"column":null}},"49":{"start":{"line":144,"column":10},"end":{"line":157,"column":null}},"50":{"start":{"line":145,"column":25},"end":{"line":145,"column":null}},"51":{"start":{"line":146,"column":8},"end":{"line":148,"column":null}},"52":{"start":{"line":150,"column":8},"end":{"line":156,"column":null}},"53":{"start":{"line":151,"column":27},"end":{"line":151,"column":null}},"54":{"start":{"line":152,"column":12},"end":{"line":152,"column":null}},"55":{"start":{"line":154,"column":12},"end":{"line":154,"column":null}},"56":{"start":{"line":155,"column":12},"end":{"line":155,"column":null}},"57":{"start":{"line":159,"column":19},"end":{"line":159,"column":null}},"58":{"start":{"line":160,"column":26},"end":{"line":160,"column":null}},"59":{"start":{"line":160,"column":33},"end":{"line":160,"column":null}},"60":{"start":{"line":162,"column":4},"end":{"line":173,"column":null}}},"fnMap":{"0":{"name":"(anonymous_0)","decl":{"start":{"line":32,"column":23},"end":{"line":32,"column":40}},"loc":{"start":{"line":32,"column":40},"end":{"line":174,"column":null}},"line":32},"1":{"name":"(anonymous_1)","decl":{"start":{"line":38,"column":14},"end":{"line":38,"column":20}},"loc":{"start":{"line":38,"column":20},"end":{"line":100,"column":7}},"line":38},"2":{"name":"(anonymous_2)","decl":{"start":{"line":41,"column":57},"end":{"line":41,"column":64}},"loc":{"start":{"line":41,"column":80},"end":{"line":94,"column":9}},"line":41},"3":{"name":"(anonymous_3)","decl":{"start":{"line":59,"column":20},"end":{"line":59,"column":27}},"loc":{"start":{"line":59,"column":39},"end":{"line":81,"column":null}},"line":59},"4":{"name":"(anonymous_4)","decl":{"start":{"line":82,"column":20},"end":{"line":82,"column":21}},"loc":{"start":{"line":82,"column":31},"end":{"line":85,"column":null}},"line":82},"5":{"name":"(anonymous_5)","decl":{"start":{"line":96,"column":15},"end":{"line":96,"column":21}},"loc":{"start":{"line":96,"column":21},"end":{"line":99,"column":null}},"line":96},"6":{"name":"(anonymous_6)","decl":{"start":{"line":102,"column":18},"end":{"line":102,"column":25}},"loc":{"start":{"line":102,"column":61},"end":{"line":104,"column":null}},"line":102},"7":{"name":"(anonymous_7)","decl":{"start":{"line":106,"column":21},"end":{"line":106,"column":28}},"loc":{"start":{"line":106,"column":78},"end":{"line":132,"column":null}},"line":106},"8":{"name":"(anonymous_8)","decl":{"start":{"line":135,"column":36},"end":{"line":135,"column":48}},"loc":{"start":{"line":135,"column":48},"end":{"line":142,"column":null}},"line":135},"9":{"name":"(anonymous_9)","decl":{"start":{"line":144,"column":36},"end":{"line":144,"column":48}},"loc":{"start":{"line":144,"column":48},"end":{"line":157,"column":7}},"line":144},"10":{"name":"(anonymous_10)","decl":{"start":{"line":159,"column":19},"end":{"line":159,"column":31}},"loc":{"start":{"line":159,"column":19},"end":{"line":159,"column":null}},"line":159},"11":{"name":"(anonymous_11)","decl":{"start":{"line":160,"column":26},"end":{"line":160,"column":33}},"loc":{"start":{"line":160,"column":33},"end":{"line":160,"column":null}},"line":160}},"branchMap":{"0":{"loc":{"start":{"line":42,"column":12},"end":{"line":93,"column":null}},"type":"if","locations":[{"start":{"line":42,"column":12},"end":{"line":93,"column":null}},{"start":{"line":87,"column":19},"end":{"line":93,"column":null}}],"line":42},"1":{"loc":{"start":{"line":60,"column":24},"end":{"line":79,"column":null}},"type":"if","locations":[{"start":{"line":60,"column":24},"end":{"line":79,"column":null}},{"start":{"line":64,"column":31},"end":{"line":79,"column":null}}],"line":60},"2":{"loc":{"start":{"line":62,"column":46},"end":{"line":62,"column":84}},"type":"binary-expr","locations":[{"start":{"line":62,"column":46},"end":{"line":62,"column":69}},{"start":{"line":62,"column":69},"end":{"line":62,"column":84}}],"line":62},"3":{"loc":{"start":{"line":63,"column":49},"end":{"line":63,"column":80}},"type":"binary-expr","locations":[{"start":{"line":63,"column":49},"end":{"line":63,"column":75}},{"start":{"line":63,"column":75},"end":{"line":63,"column":80}}],"line":63},"4":{"loc":{"start":{"line":69,"column":49},"end":{"line":69,"column":null}},"type":"binary-expr","locations":[{"start":{"line":69,"column":49},"end":{"line":69,"column":76}},{"start":{"line":69,"column":76},"end":{"line":69,"column":null}}],"line":69},"5":{"loc":{"start":{"line":70,"column":46},"end":{"line":70,"column":null}},"type":"binary-expr","locations":[{"start":{"line":70,"column":46},"end":{"line":70,"column":70}},{"start":{"line":70,"column":70},"end":{"line":70,"column":null}}],"line":70},"6":{"loc":{"start":{"line":92,"column":16},"end":{"line":92,"column":null}},"type":"if","locations":[{"start":{"line":92,"column":16},"end":{"line":92,"column":null}},{"start":{},"end":{}}],"line":92},"7":{"loc":{"start":{"line":98,"column":12},"end":{"line":98,"column":null}},"type":"if","locations":[{"start":{"line":98,"column":12},"end":{"line":98,"column":null}},{"start":{},"end":{}}],"line":98},"8":{"loc":{"start":{"line":136,"column":8},"end":{"line":141,"column":null}},"type":"if","locations":[{"start":{"line":136,"column":8},"end":{"line":141,"column":null}},{"start":{"line":139,"column":15},"end":{"line":141,"column":null}}],"line":136}},"s":{"0":1,"1":6,"2":6,"3":6,"4":6,"5":6,"6":4,"7":4,"8":1,"9":1,"10":1,"11":1,"12":1,"13":1,"14":1,"15":1,"16":0,"17":0,"18":0,"19":0,"20":1,"21":0,"22":0,"23":0,"24":0,"25":0,"26":0,"27":0,"28":0,"29":4,"30":4,"31":4,"32":1,"33":6,"34":0,"35":6,"36":1,"37":1,"38":1,"39":1,"40":1,"41":1,"42":0,"43":1,"44":6,"45":0,"46":0,"47":0,"48":0,"49":6,"50":0,"51":0,"52":0,"53":0,"54":0,"55":0,"56":0,"57":1,"58":6,"59":0,"60":6},"f":{"0":6,"1":4,"2":1,"3":1,"4":0,"5":4,"6":0,"7":1,"8":0,"9":0,"10":1,"11":0},"b":{"0":[1,0],"1":[1,0],"2":[1,0],"3":[1,1],"4":[0,0],"5":[0,0],"6":[0,0],"7":[1,3],"8":[0,0]},"meta":{"lastBranch":9,"lastFunction":12,"lastStatement":61,"seen":{"s:32:23:174:Infinity":0,"f:32:23:32:40":0,"s:33:24:33:Infinity":1,"s:34:30:34:Infinity":2,"s:35:44:35:Infinity":3,"s:36:50:36:Infinity":4,"s:38:4:100:Infinity":5,"f:38:14:38:20":1,"s:39:53:39:Infinity":6,"s:41:14:94:Infinity":7,"f:41:57:41:64":2,"b:42:12:93:Infinity:87:19:93:Infinity":0,"s:42:12:93:Infinity":8,"s:44:16:44:Infinity":9,"s:46:22:54:Infinity":10,"s:57:16:86:Infinity":11,"f:59:20:59:27":3,"b:60:24:79:Infinity:64:31:79:Infinity":1,"s:60:24:79:Infinity":12,"s:61:41:61:Infinity":13,"s:62:28:62:Infinity":14,"b:62:46:62:69:62:69:62:84":2,"s:63:28:63:Infinity":15,"b:63:49:63:75:63:75:63:80":3,"s:66:28:78:Infinity":16,"s:67:32:74:Infinity":17,"b:69:49:69:76:69:76:69:Infinity":4,"b:70:46:70:70:70:70:70:Infinity":5,"s:75:32:75:Infinity":18,"s:77:32:77:Infinity":19,"s:80:24:80:Infinity":20,"f:82:20:82:21":4,"s:83:24:83:Infinity":21,"s:84:24:84:Infinity":22,"s:88:16:88:Infinity":23,"s:89:16:89:Infinity":24,"s:90:16:90:Infinity":25,"s:91:16:91:Infinity":26,"b:92:16:92:Infinity:undefined:undefined:undefined:undefined":6,"s:92:16:92:Infinity":27,"s:92:40:92:Infinity":28,"s:96:8:99:Infinity":29,"f:96:15:96:21":5,"s:97:12:97:Infinity":30,"b:98:12:98:Infinity:undefined:undefined:undefined:undefined":7,"s:98:12:98:Infinity":31,"s:98:36:98:Infinity":32,"s:102:18:104:Infinity":33,"f:102:18:102:25":6,"s:103:8:103:Infinity":34,"s:106:21:132:Infinity":35,"f:106:21:106:28":7,"s:107:20:107:Infinity":36,"s:110:8:110:Infinity":37,"s:113:8:119:Infinity":38,"s:122:8:129:Infinity":39,"s:123:12:123:Infinity":40,"s:124:12:124:Infinity":41,"s:126:12:126:Infinity":42,"s:131:8:131:Infinity":43,"s:135:36:142:Infinity":44,"f:135:36:135:48":8,"b:136:8:141:Infinity:139:15:141:Infinity":8,"s:136:8:141:Infinity":45,"s:137:12:137:Infinity":46,"s:138:12:138:Infinity":47,"s:140:12:140:Infinity":48,"s:144:10:157:Infinity":49,"f:144:36:144:48":9,"s:145:25:145:Infinity":50,"s:146:8:148:Infinity":51,"s:150:8:156:Infinity":52,"s:151:27:151:Infinity":53,"s:152:12:152:Infinity":54,"s:154:12:154:Infinity":55,"s:155:12:155:Infinity":56,"s:159:19:159:Infinity":57,"f:159:19:159:31":10,"s:160:26:160:Infinity":58,"f:160:26:160:33":11,"s:160:33:160:Infinity":59,"s:162:4:173:Infinity":60}}}
,"C:\\Users\\roman\\Projects\\smart-budget\\src\\hooks\\useBudgetData.ts": {"path":"C:\\Users\\roman\\Projects\\smart-budget\\src\\hooks\\useBudgetData.ts","statementMap":{"0":{"start":{"line":16,"column":25},"end":{"line":16,"column":null}},"1":{"start":{"line":27,"column":36},"end":{"line":28,"column":null}},"2":{"start":{"line":28,"column":4},"end":{"line":28,"column":null}},"3":{"start":{"line":28,"column":42},"end":{"line":28,"column":46}},"4":{"start":{"line":34,"column":29},"end":{"line":137,"column":null}},"5":{"start":{"line":40,"column":36},"end":{"line":47,"column":null}},"6":{"start":{"line":49,"column":30},"end":{"line":49,"column":null}},"7":{"start":{"line":51,"column":10},"end":{"line":57,"column":null}},"8":{"start":{"line":53,"column":12},"end":{"line":55,"column":null}},"9":{"start":{"line":60,"column":4},"end":{"line":130,"column":null}},"10":{"start":{"line":61,"column":8},"end":{"line":64,"column":null}},"11":{"start":{"line":62,"column":12},"end":{"line":62,"column":null}},"12":{"start":{"line":63,"column":12},"end":{"line":63,"column":null}},"13":{"start":{"line":66,"column":23},"end":{"line":66,"column":null}},"14":{"start":{"line":67,"column":8},"end":{"line":67,"column":null}},"15":{"start":{"line":67,"column":21},"end":{"line":67,"column":null}},"16":{"start":{"line":69,"column":14},"end":{"line":127,"column":null}},"17":{"start":{"line":72,"column":16},"end":{"line":120,"column":null}},"18":{"start":{"line":73,"column":33},"end":{"line":73,"column":null}},"19":{"start":{"line":76,"column":20},"end":{"line":95,"column":null}},"20":{"start":{"line":77,"column":30},"end":{"line":77,"column":null}},"21":{"start":{"line":78,"column":24},"end":{"line":94,"column":null}},"22":{"start":{"line":79,"column":28},"end":{"line":79,"column":null}},"23":{"start":{"line":81,"column":28},"end":{"line":92,"column":null}},"24":{"start":{"line":93,"column":28},"end":{"line":93,"column":null}},"25":{"start":{"line":97,"column":20},"end":{"line":104,"column":null}},"26":{"start":{"line":107,"column":20},"end":{"line":119,"column":null}},"27":{"start":{"line":108,"column":24},"end":{"line":118,"column":null}},"28":{"start":{"line":121,"column":16},"end":{"line":121,"column":null}},"29":{"start":{"line":124,"column":16},"end":{"line":124,"column":null}},"30":{"start":{"line":125,"column":16},"end":{"line":125,"column":null}},"31":{"start":{"line":129,"column":8},"end":{"line":129,"column":null}},"32":{"start":{"line":129,"column":21},"end":{"line":129,"column":null}},"33":{"start":{"line":132,"column":4},"end":{"line":136,"column":null}}},"fnMap":{"0":{"name":"(anonymous_0)","decl":{"start":{"line":27,"column":36},"end":{"line":27,"column":37}},"loc":{"start":{"line":28,"column":4},"end":{"line":28,"column":null}},"line":28},"1":{"name":"(anonymous_1)","decl":{"start":{"line":28,"column":19},"end":{"line":28,"column":20}},"loc":{"start":{"line":28,"column":42},"end":{"line":28,"column":46}},"line":28},"2":{"name":"(anonymous_2)","decl":{"start":{"line":34,"column":29},"end":{"line":34,"column":null}},"loc":{"start":{"line":39,"column":5},"end":{"line":137,"column":null}},"line":39},"3":{"name":"(anonymous_3)","decl":{"start":{"line":52,"column":8},"end":{"line":52,"column":null}},"loc":{"start":{"line":53,"column":12},"end":{"line":55,"column":null}},"line":53},"4":{"name":"(anonymous_4)","decl":{"start":{"line":60,"column":14},"end":{"line":60,"column":20}},"loc":{"start":{"line":60,"column":20},"end":{"line":130,"column":7}},"line":60},"5":{"name":"(anonymous_5)","decl":{"start":{"line":71,"column":12},"end":{"line":71,"column":19}},"loc":{"start":{"line":71,"column":28},"end":{"line":122,"column":null}},"line":71},"6":{"name":"(anonymous_6)","decl":{"start":{"line":123,"column":12},"end":{"line":123,"column":13}},"loc":{"start":{"line":123,"column":23},"end":{"line":126,"column":null}},"line":123},"7":{"name":"(anonymous_7)","decl":{"start":{"line":129,"column":15},"end":{"line":129,"column":21}},"loc":{"start":{"line":129,"column":21},"end":{"line":129,"column":null}},"line":129}},"branchMap":{"0":{"loc":{"start":{"line":53,"column":12},"end":{"line":55,"column":null}},"type":"cond-expr","locations":[{"start":{"line":53,"column":12},"end":{"line":54,"column":null}},{"start":{"line":55,"column":18},"end":{"line":55,"column":null}}],"line":53},"1":{"loc":{"start":{"line":61,"column":8},"end":{"line":64,"column":null}},"type":"if","locations":[{"start":{"line":61,"column":8},"end":{"line":64,"column":null}},{"start":{},"end":{}}],"line":61},"2":{"loc":{"start":{"line":61,"column":12},"end":{"line":61,"column":50}},"type":"binary-expr","locations":[{"start":{"line":61,"column":12},"end":{"line":61,"column":31}},{"start":{"line":61,"column":31},"end":{"line":61,"column":50}}],"line":61},"3":{"loc":{"start":{"line":67,"column":8},"end":{"line":67,"column":null}},"type":"if","locations":[{"start":{"line":67,"column":8},"end":{"line":67,"column":null}},{"start":{},"end":{}}],"line":67},"4":{"loc":{"start":{"line":72,"column":16},"end":{"line":120,"column":null}},"type":"if","locations":[{"start":{"line":72,"column":16},"end":{"line":120,"column":null}},{"start":{"line":105,"column":23},"end":{"line":120,"column":null}}],"line":72},"5":{"loc":{"start":{"line":76,"column":20},"end":{"line":95,"column":null}},"type":"if","locations":[{"start":{"line":76,"column":20},"end":{"line":95,"column":null}},{"start":{},"end":{}}],"line":76},"6":{"loc":{"start":{"line":76,"column":24},"end":{"line":76,"column":59}},"type":"binary-expr","locations":[{"start":{"line":76,"column":24},"end":{"line":76,"column":32}},{"start":{"line":76,"column":32},"end":{"line":76,"column":59}}],"line":76},"7":{"loc":{"start":{"line":77,"column":46},"end":{"line":77,"column":74}},"type":"binary-expr","locations":[{"start":{"line":77,"column":46},"end":{"line":77,"column":70}},{"start":{"line":77,"column":70},"end":{"line":77,"column":74}}],"line":77},"8":{"loc":{"start":{"line":78,"column":24},"end":{"line":94,"column":null}},"type":"if","locations":[{"start":{"line":78,"column":24},"end":{"line":94,"column":null}},{"start":{},"end":{}}],"line":78},"9":{"loc":{"start":{"line":79,"column":40},"end":{"line":79,"column":72}},"type":"binary-expr","locations":[{"start":{"line":79,"column":40},"end":{"line":79,"column":57}},{"start":{"line":79,"column":57},"end":{"line":79,"column":72}}],"line":79},"10":{"loc":{"start":{"line":98,"column":40},"end":{"line":98,"column":null}},"type":"binary-expr","locations":[{"start":{"line":98,"column":40},"end":{"line":98,"column":63}},{"start":{"line":98,"column":63},"end":{"line":98,"column":null}}],"line":98},"11":{"loc":{"start":{"line":99,"column":38},"end":{"line":99,"column":null}},"type":"binary-expr","locations":[{"start":{"line":99,"column":38},"end":{"line":99,"column":62}},{"start":{"line":99,"column":62},"end":{"line":99,"column":null}}],"line":99},"12":{"loc":{"start":{"line":101,"column":36},"end":{"line":101,"column":null}},"type":"binary-expr","locations":[{"start":{"line":101,"column":36},"end":{"line":101,"column":55}},{"start":{"line":101,"column":55},"end":{"line":101,"column":null}}],"line":101},"13":{"loc":{"start":{"line":102,"column":32},"end":{"line":102,"column":null}},"type":"binary-expr","locations":[{"start":{"line":102,"column":32},"end":{"line":102,"column":47}},{"start":{"line":102,"column":47},"end":{"line":102,"column":null}}],"line":102},"14":{"loc":{"start":{"line":103,"column":38},"end":{"line":103,"column":null}},"type":"binary-expr","locations":[{"start":{"line":103,"column":38},"end":{"line":103,"column":59}},{"start":{"line":103,"column":59},"end":{"line":103,"column":null}}],"line":103},"15":{"loc":{"start":{"line":107,"column":20},"end":{"line":119,"column":null}},"type":"if","locations":[{"start":{"line":107,"column":20},"end":{"line":119,"column":null}},{"start":{},"end":{}}],"line":107},"16":{"loc":{"start":{"line":107,"column":24},"end":{"line":107,"column":61}},"type":"binary-expr","locations":[{"start":{"line":107,"column":24},"end":{"line":107,"column":32}},{"start":{"line":107,"column":32},"end":{"line":107,"column":61}}],"line":107}},"s":{"0":1,"1":1,"2":1,"3":20,"4":1,"5":6,"6":6,"7":6,"8":4,"9":6,"10":4,"11":0,"12":0,"13":4,"14":4,"15":0,"16":4,"17":3,"18":2,"19":2,"20":1,"21":1,"22":1,"23":1,"24":1,"25":1,"26":1,"27":1,"28":2,"29":0,"30":0,"31":4,"32":4,"33":6},"f":{"0":1,"1":20,"2":6,"3":4,"4":4,"5":3,"6":0,"7":4},"b":{"0":[4,0],"1":[0,4],"2":[4,4],"3":[0,4],"4":[2,1],"5":[1,1],"6":[2,2],"7":[1,0],"8":[1,0],"9":[1,0],"10":[1,0],"11":[2,0],"12":[2,0],"13":[2,0],"14":[2,0],"15":[1,0],"16":[1,1]},"meta":{"lastBranch":17,"lastFunction":8,"lastStatement":34,"seen":{"s:16:25:16:Infinity":0,"s:27:36:28:Infinity":1,"f:27:36:27:37":0,"s:28:4:28:Infinity":2,"f:28:19:28:20":1,"s:28:42:28:46":3,"s:34:29:137:Infinity":4,"f:34:29:34:Infinity":2,"s:40:36:47:Infinity":5,"s:49:30:49:Infinity":6,"s:51:10:57:Infinity":7,"f:52:8:52:Infinity":3,"s:53:12:55:Infinity":8,"b:53:12:54:Infinity:55:18:55:Infinity":0,"s:60:4:130:Infinity":9,"f:60:14:60:20":4,"b:61:8:64:Infinity:undefined:undefined:undefined:undefined":1,"s:61:8:64:Infinity":10,"b:61:12:61:31:61:31:61:50":2,"s:62:12:62:Infinity":11,"s:63:12:63:Infinity":12,"s:66:23:66:Infinity":13,"b:67:8:67:Infinity:undefined:undefined:undefined:undefined":3,"s:67:8:67:Infinity":14,"s:67:21:67:Infinity":15,"s:69:14:127:Infinity":16,"f:71:12:71:19":5,"b:72:16:120:Infinity:105:23:120:Infinity":4,"s:72:16:120:Infinity":17,"s:73:33:73:Infinity":18,"b:76:20:95:Infinity:undefined:undefined:undefined:undefined":5,"s:76:20:95:Infinity":19,"b:76:24:76:32:76:32:76:59":6,"s:77:30:77:Infinity":20,"b:77:46:77:70:77:70:77:74":7,"b:78:24:94:Infinity:undefined:undefined:undefined:undefined":8,"s:78:24:94:Infinity":21,"s:79:28:79:Infinity":22,"b:79:40:79:57:79:57:79:72":9,"s:81:28:92:Infinity":23,"s:93:28:93:Infinity":24,"s:97:20:104:Infinity":25,"b:98:40:98:63:98:63:98:Infinity":10,"b:99:38:99:62:99:62:99:Infinity":11,"b:101:36:101:55:101:55:101:Infinity":12,"b:102:32:102:47:102:47:102:Infinity":13,"b:103:38:103:59:103:59:103:Infinity":14,"b:107:20:119:Infinity:undefined:undefined:undefined:undefined":15,"s:107:20:119:Infinity":26,"b:107:24:107:32:107:32:107:61":16,"s:108:24:118:Infinity":27,"s:121:16:121:Infinity":28,"f:123:12:123:13":6,"s:124:16:124:Infinity":29,"s:125:16:125:Infinity":30,"s:129:8:129:Infinity":31,"f:129:15:129:21":7,"s:129:21:129:Infinity":32,"s:132:4:136:Infinity":33}}}
,"C:\\Users\\roman\\Projects\\smart-budget\\src\\services\\assets.service.ts": {"path":"C:\\Users\\roman\\Projects\\smart-budget\\src\\services\\assets.service.ts","statementMap":{"0":{"start":{"line":25,"column":8},"end":{"line":25,"column":null}},"1":{"start":{"line":32,"column":8},"end":{"line":32,"column":null}},"2":{"start":{"line":32,"column":23},"end":{"line":32,"column":null}},"3":{"start":{"line":34,"column":24},"end":{"line":38,"column":null}},"4":{"start":{"line":40,"column":23},"end":{"line":40,"column":null}},"5":{"start":{"line":41,"column":8},"end":{"line":41,"column":null}},"6":{"start":{"line":48,"column":8},"end":{"line":48,"column":null}},"7":{"start":{"line":48,"column":30},"end":{"line":48,"column":null}},"8":{"start":{"line":50,"column":14},"end":{"line":50,"column":null}},"9":{"start":{"line":51,"column":24},"end":{"line":54,"column":null}},"10":{"start":{"line":56,"column":8},"end":{"line":56,"column":null}},"11":{"start":{"line":57,"column":8},"end":{"line":57,"column":null}},"12":{"start":{"line":64,"column":8},"end":{"line":64,"column":null}},"13":{"start":{"line":64,"column":30},"end":{"line":64,"column":null}},"14":{"start":{"line":65,"column":14},"end":{"line":65,"column":null}},"15":{"start":{"line":66,"column":8},"end":{"line":66,"column":null}},"16":{"start":{"line":70,"column":29},"end":{"line":70,"column":null}}},"fnMap":{"0":{"name":"(anonymous_0)","decl":{"start":{"line":24,"column":12},"end":{"line":24,"column":29}},"loc":{"start":{"line":24,"column":68},"end":{"line":26,"column":null}},"line":24},"1":{"name":"(anonymous_1)","decl":{"start":{"line":31,"column":10},"end":{"line":31,"column":19}},"loc":{"start":{"line":31,"column":54},"end":{"line":42,"column":null}},"line":31},"2":{"name":"(anonymous_2)","decl":{"start":{"line":47,"column":10},"end":{"line":47,"column":22}},"loc":{"start":{"line":47,"column":78},"end":{"line":58,"column":null}},"line":47},"3":{"name":"(anonymous_3)","decl":{"start":{"line":63,"column":10},"end":{"line":63,"column":22}},"loc":{"start":{"line":63,"column":52},"end":{"line":67,"column":null}},"line":63}},"branchMap":{"0":{"loc":{"start":{"line":32,"column":8},"end":{"line":32,"column":null}},"type":"if","locations":[{"start":{"line":32,"column":8},"end":{"line":32,"column":null}},{"start":{},"end":{}}],"line":32},"1":{"loc":{"start":{"line":48,"column":8},"end":{"line":48,"column":null}},"type":"if","locations":[{"start":{"line":48,"column":8},"end":{"line":48,"column":null}},{"start":{},"end":{}}],"line":48},"2":{"loc":{"start":{"line":48,"column":12},"end":{"line":48,"column":30}},"type":"binary-expr","locations":[{"start":{"line":48,"column":12},"end":{"line":48,"column":25}},{"start":{"line":48,"column":25},"end":{"line":48,"column":30}}],"line":48},"3":{"loc":{"start":{"line":64,"column":8},"end":{"line":64,"column":null}},"type":"if","locations":[{"start":{"line":64,"column":8},"end":{"line":64,"column":null}},{"start":{},"end":{}}],"line":64},"4":{"loc":{"start":{"line":64,"column":12},"end":{"line":64,"column":30}},"type":"binary-expr","locations":[{"start":{"line":64,"column":12},"end":{"line":64,"column":25}},{"start":{"line":64,"column":25},"end":{"line":64,"column":30}}],"line":64}},"s":{"0":3,"1":2,"2":1,"3":1,"4":1,"5":1,"6":2,"7":1,"8":1,"9":1,"10":1,"11":1,"12":1,"13":0,"14":1,"15":1,"16":1},"f":{"0":3,"1":2,"2":2,"3":1},"b":{"0":[1,1],"1":[1,1],"2":[2,1],"3":[0,1],"4":[1,1]},"meta":{"lastBranch":5,"lastFunction":4,"lastStatement":17,"seen":{"f:24:12:24:29":0,"s:25:8:25:Infinity":0,"f:31:10:31:19":1,"b:32:8:32:Infinity:undefined:undefined:undefined:undefined":0,"s:32:8:32:Infinity":1,"s:32:23:32:Infinity":2,"s:34:24:38:Infinity":3,"s:40:23:40:Infinity":4,"s:41:8:41:Infinity":5,"f:47:10:47:22":2,"b:48:8:48:Infinity:undefined:undefined:undefined:undefined":1,"s:48:8:48:Infinity":6,"b:48:12:48:25:48:25:48:30":2,"s:48:30:48:Infinity":7,"s:50:14:50:Infinity":8,"s:51:24:54:Infinity":9,"s:56:8:56:Infinity":10,"s:57:8:57:Infinity":11,"f:63:10:63:22":3,"b:64:8:64:Infinity:undefined:undefined:undefined:undefined":3,"s:64:8:64:Infinity":12,"b:64:12:64:25:64:25:64:30":4,"s:64:30:64:Infinity":13,"s:65:14:65:Infinity":14,"s:66:8:66:Infinity":15,"s:70:29:70:Infinity":16}}}
,"C:\\Users\\roman\\Projects\\smart-budget\\src\\services\\budget.service.ts": {"path":"C:\\Users\\roman\\Projects\\smart-budget\\src\\services\\budget.service.ts","statementMap":{"0":{"start":{"line":14,"column":8},"end":{"line":14,"column":null}},"1":{"start":{"line":21,"column":8},"end":{"line":21,"column":null}},"2":{"start":{"line":21,"column":42},"end":{"line":21,"column":null}},"3":{"start":{"line":23,"column":26},"end":{"line":23,"column":null}},"4":{"start":{"line":27,"column":8},"end":{"line":29,"column":null}},"5":{"start":{"line":37,"column":8},"end":{"line":37,"column":null}},"6":{"start":{"line":41,"column":29},"end":{"line":41,"column":null}}},"fnMap":{"0":{"name":"(anonymous_0)","decl":{"start":{"line":13,"column":12},"end":{"line":13,"column":28}},"loc":{"start":{"line":13,"column":65},"end":{"line":15,"column":null}},"line":13},"1":{"name":"(anonymous_1)","decl":{"start":{"line":20,"column":10},"end":{"line":20,"column":21}},"loc":{"start":{"line":20,"column":78},"end":{"line":30,"column":null}},"line":20},"2":{"name":"(anonymous_2)","decl":{"start":{"line":35,"column":10},"end":{"line":35,"column":22}},"loc":{"start":{"line":35,"column":78},"end":{"line":38,"column":null}},"line":35}},"branchMap":{"0":{"loc":{"start":{"line":21,"column":8},"end":{"line":21,"column":null}},"type":"if","locations":[{"start":{"line":21,"column":8},"end":{"line":21,"column":null}},{"start":{},"end":{}}],"line":21},"1":{"loc":{"start":{"line":21,"column":12},"end":{"line":21,"column":42}},"type":"binary-expr","locations":[{"start":{"line":21,"column":12},"end":{"line":21,"column":25}},{"start":{"line":21,"column":25},"end":{"line":21,"column":42}}],"line":21}},"s":{"0":2,"1":4,"2":2,"3":2,"4":2,"5":1,"6":1},"f":{"0":2,"1":4,"2":1},"b":{"0":[2,2],"1":[4,3]},"meta":{"lastBranch":2,"lastFunction":3,"lastStatement":7,"seen":{"f:13:12:13:28":0,"s:14:8:14:Infinity":0,"f:20:10:20:21":1,"b:21:8:21:Infinity:undefined:undefined:undefined:undefined":0,"s:21:8:21:Infinity":1,"b:21:12:21:25:21:25:21:42":1,"s:21:42:21:Infinity":2,"s:23:26:23:Infinity":3,"s:27:8:29:Infinity":4,"f:35:10:35:22":2,"s:37:8:37:Infinity":5,"s:41:29:41:Infinity":6}}}
,"C:\\Users\\roman\\Projects\\smart-budget\\src\\services\\loans.service.js": {"path":"C:\\Users\\roman\\Projects\\smart-budget\\src\\services\\loans.service.js","statementMap":{"0":{"start":{"line":15,"column":8},"end":{"line":15,"column":98}},"1":{"start":{"line":24,"column":8},"end":{"line":24,"column":59}},"2":{"start":{"line":24,"column":23},"end":{"line":24,"column":59}},"3":{"start":{"line":26,"column":24},"end":{"line":30,"column":9}},"4":{"start":{"line":32,"column":23},"end":{"line":32,"column":77}},"5":{"start":{"line":33,"column":8},"end":{"line":33,"column":45}},"6":{"start":{"line":43,"column":8},"end":{"line":43,"column":77}},"7":{"start":{"line":43,"column":30},"end":{"line":43,"column":77}},"8":{"start":{"line":45,"column":22},"end":{"line":45,"column":63}},"9":{"start":{"line":46,"column":24},"end":{"line":49,"column":9}},"10":{"start":{"line":51,"column":8},"end":{"line":51,"column":41}},"11":{"start":{"line":52,"column":8},"end":{"line":52,"column":34}},"12":{"start":{"line":61,"column":8},"end":{"line":61,"column":77}},"13":{"start":{"line":61,"column":30},"end":{"line":61,"column":77}},"14":{"start":{"line":62,"column":22},"end":{"line":62,"column":63}},"15":{"start":{"line":63,"column":8},"end":{"line":63,"column":32}},"16":{"start":{"line":67,"column":28},"end":{"line":67,"column":45}}},"fnMap":{"0":{"name":"(anonymous_0)","decl":{"start":{"line":14,"column":4},"end":{"line":14,"column":20}},"loc":{"start":{"line":14,"column":31},"end":{"line":16,"column":5}},"line":14},"1":{"name":"(anonymous_1)","decl":{"start":{"line":23,"column":10},"end":{"line":23,"column":17}},"loc":{"start":{"line":23,"column":34},"end":{"line":34,"column":5}},"line":23},"2":{"name":"(anonymous_2)","decl":{"start":{"line":42,"column":10},"end":{"line":42,"column":20}},"loc":{"start":{"line":42,"column":41},"end":{"line":53,"column":5}},"line":42},"3":{"name":"(anonymous_3)","decl":{"start":{"line":60,"column":10},"end":{"line":60,"column":20}},"loc":{"start":{"line":60,"column":35},"end":{"line":64,"column":5}},"line":60}},"branchMap":{"0":{"loc":{"start":{"line":24,"column":8},"end":{"line":24,"column":59}},"type":"if","locations":[{"start":{"line":24,"column":8},"end":{"line":24,"column":59}},{"start":{},"end":{}}],"line":24},"1":{"loc":{"start":{"line":43,"column":8},"end":{"line":43,"column":77}},"type":"if","locations":[{"start":{"line":43,"column":8},"end":{"line":43,"column":77}},{"start":{},"end":{}}],"line":43},"2":{"loc":{"start":{"line":43,"column":12},"end":{"line":43,"column":28}},"type":"binary-expr","locations":[{"start":{"line":43,"column":12},"end":{"line":43,"column":21}},{"start":{"line":43,"column":25},"end":{"line":43,"column":28}}],"line":43},"3":{"loc":{"start":{"line":61,"column":8},"end":{"line":61,"column":77}},"type":"if","locations":[{"start":{"line":61,"column":8},"end":{"line":61,"column":77}},{"start":{},"end":{}}],"line":61},"4":{"loc":{"start":{"line":61,"column":12},"end":{"line":61,"column":28}},"type":"binary-expr","locations":[{"start":{"line":61,"column":12},"end":{"line":61,"column":21}},{"start":{"line":61,"column":25},"end":{"line":61,"column":28}}],"line":61}},"s":{"0":3,"1":2,"2":1,"3":1,"4":1,"5":1,"6":2,"7":1,"8":1,"9":1,"10":1,"11":1,"12":1,"13":0,"14":1,"15":1,"16":1},"f":{"0":3,"1":2,"2":2,"3":1},"b":{"0":[1,1],"1":[1,1],"2":[2,1],"3":[0,1],"4":[1,1]},"meta":{"lastBranch":5,"lastFunction":4,"lastStatement":17,"seen":{"f:14:4:14:20":0,"s:15:8:15:98":0,"f:23:10:23:17":1,"b:24:8:24:59:undefined:undefined:undefined:undefined":0,"s:24:8:24:59":1,"s:24:23:24:59":2,"s:26:24:30:9":3,"s:32:23:32:77":4,"s:33:8:33:45":5,"f:42:10:42:20":2,"b:43:8:43:77:undefined:undefined:undefined:undefined":1,"s:43:8:43:77":6,"b:43:12:43:21:43:25:43:28":2,"s:43:30:43:77":7,"s:45:22:45:63":8,"s:46:24:49:9":9,"s:51:8:51:41":10,"s:52:8:52:34":11,"f:60:10:60:20":3,"b:61:8:61:77:undefined:undefined:undefined:undefined":3,"s:61:8:61:77":12,"b:61:12:61:21:61:25:61:28":4,"s:61:30:61:77":13,"s:62:22:62:63":14,"s:63:8:63:32":15,"s:67:28:67:45":16}}}
,"C:\\Users\\roman\\Projects\\smart-budget\\src\\services\\transactions.service.ts": {"path":"C:\\Users\\roman\\Projects\\smart-budget\\src\\services\\transactions.service.ts","statementMap":{"0":{"start":{"line":39,"column":8},"end":{"line":39,"column":null}},"1":{"start":{"line":46,"column":8},"end":{"line":46,"column":null}},"2":{"start":{"line":53,"column":8},"end":{"line":53,"column":null}},"3":{"start":{"line":65,"column":8},"end":{"line":65,"column":null}},"4":{"start":{"line":65,"column":32},"end":{"line":65,"column":null}},"5":{"start":{"line":67,"column":14},"end":{"line":67,"column":null}},"6":{"start":{"line":68,"column":14},"end":{"line":68,"column":null}},"7":{"start":{"line":70,"column":30},"end":{"line":70,"column":null}},"8":{"start":{"line":71,"column":28},"end":{"line":71,"column":null}},"9":{"start":{"line":74,"column":8},"end":{"line":81,"column":null}},"10":{"start":{"line":75,"column":12},"end":{"line":80,"column":null}},"11":{"start":{"line":76,"column":16},"end":{"line":76,"column":null}},"12":{"start":{"line":78,"column":16},"end":{"line":78,"column":null}},"13":{"start":{"line":79,"column":16},"end":{"line":79,"column":null}},"14":{"start":{"line":83,"column":28},"end":{"line":83,"column":null}},"15":{"start":{"line":84,"column":32},"end":{"line":84,"column":null}},"16":{"start":{"line":86,"column":24},"end":{"line":94,"column":null}},"17":{"start":{"line":96,"column":8},"end":{"line":96,"column":null}},"18":{"start":{"line":99,"column":27},"end":{"line":99,"column":null}},"19":{"start":{"line":100,"column":8},"end":{"line":100,"column":null}},"20":{"start":{"line":102,"column":8},"end":{"line":102,"column":null}},"21":{"start":{"line":103,"column":8},"end":{"line":103,"column":null}},"22":{"start":{"line":115,"column":8},"end":{"line":115,"column":null}},"23":{"start":{"line":115,"column":23},"end":{"line":115,"column":null}},"24":{"start":{"line":117,"column":14},"end":{"line":117,"column":null}},"25":{"start":{"line":118,"column":26},"end":{"line":118,"column":null}},"26":{"start":{"line":120,"column":8},"end":{"line":157,"column":null}},"27":{"start":{"line":121,"column":26},"end":{"line":121,"column":null}},"28":{"start":{"line":122,"column":12},"end":{"line":122,"column":null}},"29":{"start":{"line":122,"column":33},"end":{"line":122,"column":null}},"30":{"start":{"line":124,"column":28},"end":{"line":124,"column":null}},"31":{"start":{"line":125,"column":37},"end":{"line":125,"column":null}},"32":{"start":{"line":126,"column":30},"end":{"line":126,"column":null}},"33":{"start":{"line":128,"column":34},"end":{"line":128,"column":null}},"34":{"start":{"line":129,"column":35},"end":{"line":129,"column":null}},"35":{"start":{"line":131,"column":12},"end":{"line":138,"column":null}},"36":{"start":{"line":132,"column":16},"end":{"line":137,"column":null}},"37":{"start":{"line":133,"column":20},"end":{"line":133,"column":null}},"38":{"start":{"line":135,"column":20},"end":{"line":135,"column":null}},"39":{"start":{"line":136,"column":20},"end":{"line":136,"column":null}},"40":{"start":{"line":140,"column":35},"end":{"line":140,"column":null}},"41":{"start":{"line":141,"column":37},"end":{"line":141,"column":null}},"42":{"start":{"line":142,"column":30},"end":{"line":142,"column":null}},"43":{"start":{"line":144,"column":25},"end":{"line":144,"column":null}},"44":{"start":{"line":146,"column":12},"end":{"line":151,"column":null}},"45":{"start":{"line":154,"column":12},"end":{"line":156,"column":null}},"46":{"start":{"line":155,"column":16},"end":{"line":155,"column":null}},"47":{"start":{"line":164,"column":8},"end":{"line":164,"column":null}},"48":{"start":{"line":164,"column":23},"end":{"line":164,"column":null}},"49":{"start":{"line":166,"column":14},"end":{"line":166,"column":null}},"50":{"start":{"line":167,"column":26},"end":{"line":167,"column":null}},"51":{"start":{"line":169,"column":8},"end":{"line":179,"column":null}},"52":{"start":{"line":170,"column":26},"end":{"line":170,"column":null}},"53":{"start":{"line":171,"column":12},"end":{"line":171,"column":null}},"54":{"start":{"line":171,"column":33},"end":{"line":171,"column":null}},"55":{"start":{"line":173,"column":28},"end":{"line":173,"column":null}},"56":{"start":{"line":174,"column":37},"end":{"line":174,"column":null}},"57":{"start":{"line":175,"column":31},"end":{"line":175,"column":null}},"58":{"start":{"line":177,"column":12},"end":{"line":177,"column":null}},"59":{"start":{"line":178,"column":12},"end":{"line":178,"column":null}},"60":{"start":{"line":191,"column":8},"end":{"line":191,"column":null}},"61":{"start":{"line":191,"column":32},"end":{"line":191,"column":null}},"62":{"start":{"line":192,"column":8},"end":{"line":194,"column":null}},"63":{"start":{"line":193,"column":12},"end":{"line":193,"column":null}},"64":{"start":{"line":196,"column":25},"end":{"line":196,"column":null}},"65":{"start":{"line":197,"column":26},"end":{"line":197,"column":null}},"66":{"start":{"line":200,"column":34},"end":{"line":202,"column":null}},"67":{"start":{"line":201,"column":28},"end":{"line":201,"column":39}},"68":{"start":{"line":202,"column":25},"end":{"line":202,"column":46}},"69":{"start":{"line":205,"column":34},"end":{"line":205,"column":null}},"70":{"start":{"line":207,"column":8},"end":{"line":224,"column":null}},"71":{"start":{"line":209,"column":39},"end":{"line":209,"column":null}},"72":{"start":{"line":210,"column":12},"end":{"line":212,"column":null}},"73":{"start":{"line":210,"column":25},"end":{"line":210,"column":28}},"74":{"start":{"line":211,"column":16},"end":{"line":211,"column":null}},"75":{"start":{"line":214,"column":12},"end":{"line":223,"column":null}},"76":{"start":{"line":215,"column":22},"end":{"line":215,"column":null}},"77":{"start":{"line":216,"column":33},"end":{"line":216,"column":null}},"78":{"start":{"line":217,"column":16},"end":{"line":222,"column":null}},"79":{"start":{"line":218,"column":33},"end":{"line":218,"column":null}},"80":{"start":{"line":219,"column":20},"end":{"line":221,"column":null}},"81":{"start":{"line":220,"column":24},"end":{"line":220,"column":null}},"82":{"start":{"line":227,"column":32},"end":{"line":229,"column":null}},"83":{"start":{"line":228,"column":20},"end":{"line":228,"column":null}},"84":{"start":{"line":231,"column":8},"end":{"line":233,"column":null}},"85":{"start":{"line":232,"column":12},"end":{"line":232,"column":null}},"86":{"start":{"line":236,"column":33},"end":{"line":236,"column":null}},"87":{"start":{"line":237,"column":26},"end":{"line":237,"column":null}},"88":{"start":{"line":239,"column":8},"end":{"line":290,"column":null}},"89":{"start":{"line":239,"column":21},"end":{"line":239,"column":24}},"90":{"start":{"line":240,"column":18},"end":{"line":240,"column":null}},"91":{"start":{"line":241,"column":38},"end":{"line":241,"column":null}},"92":{"start":{"line":243,"column":12},"end":{"line":287,"column":null}},"93":{"start":{"line":244,"column":22},"end":{"line":244,"column":null}},"94":{"start":{"line":247,"column":38},"end":{"line":247,"column":null}},"95":{"start":{"line":248,"column":36},"end":{"line":248,"column":null}},"96":{"start":{"line":250,"column":16},"end":{"line":261,"column":null}},"97":{"start":{"line":251,"column":20},"end":{"line":260,"column":null}},"98":{"start":{"line":252,"column":24},"end":{"line":255,"column":null}},"99":{"start":{"line":257,"column":24},"end":{"line":257,"column":null}},"100":{"start":{"line":259,"column":24},"end":{"line":259,"column":null}},"101":{"start":{"line":263,"column":36},"end":{"line":263,"column":null}},"102":{"start":{"line":264,"column":40},"end":{"line":264,"column":null}},"103":{"start":{"line":266,"column":32},"end":{"line":280,"column":null}},"104":{"start":{"line":282,"column":16},"end":{"line":282,"column":null}},"105":{"start":{"line":285,"column":31},"end":{"line":285,"column":null}},"106":{"start":{"line":286,"column":16},"end":{"line":286,"column":null}},"107":{"start":{"line":289,"column":12},"end":{"line":289,"column":null}},"108":{"start":{"line":293,"column":8},"end":{"line":295,"column":null}},"109":{"start":{"line":294,"column":12},"end":{"line":294,"column":null}},"110":{"start":{"line":297,"column":8},"end":{"line":300,"column":null}},"111":{"start":{"line":304,"column":35},"end":{"line":304,"column":null}}},"fnMap":{"0":{"name":"(anonymous_0)","decl":{"start":{"line":38,"column":4},"end":{"line":38,"column":18}},"loc":{"start":{"line":38,"column":18},"end":{"line":40,"column":null}},"line":38},"1":{"name":"(anonymous_1)","decl":{"start":{"line":45,"column":12},"end":{"line":45,"column":24}},"loc":{"start":{"line":45,"column":63},"end":{"line":47,"column":null}},"line":45},"2":{"name":"(anonymous_2)","decl":{"start":{"line":52,"column":12},"end":{"line":52,"column":28}},"loc":{"start":{"line":52,"column":65},"end":{"line":54,"column":null}},"line":52},"3":{"name":"(anonymous_3)","decl":{"start":{"line":59,"column":10},"end":{"line":59,"column":null}},"loc":{"start":{"line":64,"column":6},"end":{"line":104,"column":null}},"line":64},"4":{"name":"(anonymous_4)","decl":{"start":{"line":109,"column":10},"end":{"line":109,"column":null}},"loc":{"start":{"line":114,"column":6},"end":{"line":158,"column":null}},"line":114},"5":{"name":"(anonymous_5)","decl":{"start":{"line":120,"column":33},"end":{"line":120,"column":40}},"loc":{"start":{"line":120,"column":56},"end":{"line":157,"column":9}},"line":120},"6":{"name":"(anonymous_6)","decl":{"start":{"line":163,"column":10},"end":{"line":163,"column":28}},"loc":{"start":{"line":163,"column":58},"end":{"line":180,"column":null}},"line":163},"7":{"name":"(anonymous_7)","decl":{"start":{"line":169,"column":33},"end":{"line":169,"column":40}},"loc":{"start":{"line":169,"column":56},"end":{"line":179,"column":9}},"line":169},"8":{"name":"(anonymous_8)","decl":{"start":{"line":185,"column":10},"end":{"line":185,"column":null}},"loc":{"start":{"line":190,"column":6},"end":{"line":301,"column":null}},"line":190},"9":{"name":"(anonymous_9)","decl":{"start":{"line":201,"column":20},"end":{"line":201,"column":21}},"loc":{"start":{"line":201,"column":28},"end":{"line":201,"column":39}},"line":201},"10":{"name":"(anonymous_10)","decl":{"start":{"line":202,"column":17},"end":{"line":202,"column":18}},"loc":{"start":{"line":202,"column":25},"end":{"line":202,"column":46}},"line":202},"11":{"name":"(anonymous_11)","decl":{"start":{"line":217,"column":33},"end":{"line":217,"column":34}},"loc":{"start":{"line":217,"column":42},"end":{"line":222,"column":17}},"line":217},"12":{"name":"(anonymous_12)","decl":{"start":{"line":228,"column":12},"end":{"line":228,"column":13}},"loc":{"start":{"line":228,"column":20},"end":{"line":228,"column":null}},"line":228}},"branchMap":{"0":{"loc":{"start":{"line":63,"column":8},"end":{"line":63,"column":null}},"type":"default-arg","locations":[{"start":{"line":63,"column":31},"end":{"line":63,"column":null}}],"line":63},"1":{"loc":{"start":{"line":65,"column":8},"end":{"line":65,"column":null}},"type":"if","locations":[{"start":{"line":65,"column":8},"end":{"line":65,"column":null}},{"start":{},"end":{}}],"line":65},"2":{"loc":{"start":{"line":65,"column":12},"end":{"line":65,"column":32}},"type":"binary-expr","locations":[{"start":{"line":65,"column":12},"end":{"line":65,"column":25}},{"start":{"line":65,"column":25},"end":{"line":65,"column":32}}],"line":65},"3":{"loc":{"start":{"line":70,"column":30},"end":{"line":70,"column":null}},"type":"binary-expr","locations":[{"start":{"line":70,"column":30},"end":{"line":70,"column":55}},{"start":{"line":70,"column":55},"end":{"line":70,"column":null}}],"line":70},"4":{"loc":{"start":{"line":74,"column":8},"end":{"line":81,"column":null}},"type":"if","locations":[{"start":{"line":74,"column":8},"end":{"line":81,"column":null}},{"start":{},"end":{}}],"line":74},"5":{"loc":{"start":{"line":91,"column":22},"end":{"line":91,"column":null}},"type":"binary-expr","locations":[{"start":{"line":91,"column":22},"end":{"line":91,"column":42}},{"start":{"line":91,"column":42},"end":{"line":91,"column":71}},{"start":{"line":91,"column":71},"end":{"line":91,"column":null}}],"line":91},"6":{"loc":{"start":{"line":99,"column":27},"end":{"line":99,"column":null}},"type":"cond-expr","locations":[{"start":{"line":99,"column":55},"end":{"line":99,"column":73}},{"start":{"line":99,"column":73},"end":{"line":99,"column":null}}],"line":99},"7":{"loc":{"start":{"line":113,"column":8},"end":{"line":113,"column":null}},"type":"default-arg","locations":[{"start":{"line":113,"column":31},"end":{"line":113,"column":null}}],"line":113},"8":{"loc":{"start":{"line":115,"column":8},"end":{"line":115,"column":null}},"type":"if","locations":[{"start":{"line":115,"column":8},"end":{"line":115,"column":null}},{"start":{},"end":{}}],"line":115},"9":{"loc":{"start":{"line":122,"column":12},"end":{"line":122,"column":null}},"type":"if","locations":[{"start":{"line":122,"column":12},"end":{"line":122,"column":null}},{"start":{},"end":{}}],"line":122},"10":{"loc":{"start":{"line":126,"column":30},"end":{"line":126,"column":null}},"type":"cond-expr","locations":[{"start":{"line":126,"column":58},"end":{"line":126,"column":77}},{"start":{"line":126,"column":77},"end":{"line":126,"column":null}}],"line":126},"11":{"loc":{"start":{"line":128,"column":34},"end":{"line":128,"column":null}},"type":"binary-expr","locations":[{"start":{"line":128,"column":34},"end":{"line":128,"column":62}},{"start":{"line":128,"column":62},"end":{"line":128,"column":null}}],"line":128},"12":{"loc":{"start":{"line":131,"column":12},"end":{"line":138,"column":null}},"type":"if","locations":[{"start":{"line":131,"column":12},"end":{"line":138,"column":null}},{"start":{},"end":{}}],"line":131},"13":{"loc":{"start":{"line":142,"column":30},"end":{"line":142,"column":null}},"type":"cond-expr","locations":[{"start":{"line":142,"column":58},"end":{"line":142,"column":77}},{"start":{"line":142,"column":77},"end":{"line":142,"column":null}}],"line":142},"14":{"loc":{"start":{"line":154,"column":12},"end":{"line":156,"column":null}},"type":"if","locations":[{"start":{"line":154,"column":12},"end":{"line":156,"column":null}},{"start":{},"end":{}}],"line":154},"15":{"loc":{"start":{"line":164,"column":8},"end":{"line":164,"column":null}},"type":"if","locations":[{"start":{"line":164,"column":8},"end":{"line":164,"column":null}},{"start":{},"end":{}}],"line":164},"16":{"loc":{"start":{"line":171,"column":12},"end":{"line":171,"column":null}},"type":"if","locations":[{"start":{"line":171,"column":12},"end":{"line":171,"column":null}},{"start":{},"end":{}}],"line":171},"17":{"loc":{"start":{"line":175,"column":31},"end":{"line":175,"column":null}},"type":"cond-expr","locations":[{"start":{"line":175,"column":59},"end":{"line":175,"column":79}},{"start":{"line":175,"column":79},"end":{"line":175,"column":null}}],"line":175},"18":{"loc":{"start":{"line":189,"column":8},"end":{"line":189,"column":null}},"type":"default-arg","locations":[{"start":{"line":189,"column":31},"end":{"line":189,"column":null}}],"line":189},"19":{"loc":{"start":{"line":191,"column":8},"end":{"line":191,"column":null}},"type":"if","locations":[{"start":{"line":191,"column":8},"end":{"line":191,"column":null}},{"start":{},"end":{}}],"line":191},"20":{"loc":{"start":{"line":191,"column":12},"end":{"line":191,"column":32}},"type":"binary-expr","locations":[{"start":{"line":191,"column":12},"end":{"line":191,"column":25}},{"start":{"line":191,"column":25},"end":{"line":191,"column":32}}],"line":191},"21":{"loc":{"start":{"line":192,"column":8},"end":{"line":194,"column":null}},"type":"if","locations":[{"start":{"line":192,"column":8},"end":{"line":194,"column":null}},{"start":{},"end":{}}],"line":192},"22":{"loc":{"start":{"line":192,"column":12},"end":{"line":192,"column":56}},"type":"binary-expr","locations":[{"start":{"line":192,"column":12},"end":{"line":192,"column":29}},{"start":{"line":192,"column":29},"end":{"line":192,"column":56}}],"line":192},"23":{"loc":{"start":{"line":207,"column":8},"end":{"line":224,"column":null}},"type":"if","locations":[{"start":{"line":207,"column":8},"end":{"line":224,"column":null}},{"start":{},"end":{}}],"line":207},"24":{"loc":{"start":{"line":219,"column":20},"end":{"line":221,"column":null}},"type":"if","locations":[{"start":{"line":219,"column":20},"end":{"line":221,"column":null}},{"start":{},"end":{}}],"line":219},"25":{"loc":{"start":{"line":228,"column":20},"end":{"line":228,"column":null}},"type":"binary-expr","locations":[{"start":{"line":228,"column":20},"end":{"line":228,"column":36}},{"start":{"line":228,"column":36},"end":{"line":228,"column":null}}],"line":228},"26":{"loc":{"start":{"line":231,"column":8},"end":{"line":233,"column":null}},"type":"if","locations":[{"start":{"line":231,"column":8},"end":{"line":233,"column":null}},{"start":{},"end":{}}],"line":231},"27":{"loc":{"start":{"line":247,"column":38},"end":{"line":247,"column":null}},"type":"binary-expr","locations":[{"start":{"line":247,"column":38},"end":{"line":247,"column":65}},{"start":{"line":247,"column":65},"end":{"line":247,"column":null}}],"line":247},"28":{"loc":{"start":{"line":250,"column":16},"end":{"line":261,"column":null}},"type":"if","locations":[{"start":{"line":250,"column":16},"end":{"line":261,"column":null}},{"start":{},"end":{}}],"line":250},"29":{"loc":{"start":{"line":272,"column":30},"end":{"line":272,"column":null}},"type":"binary-expr","locations":[{"start":{"line":272,"column":30},"end":{"line":272,"column":49}},{"start":{"line":272,"column":49},"end":{"line":272,"column":null}}],"line":272},"30":{"loc":{"start":{"line":273,"column":29},"end":{"line":273,"column":null}},"type":"binary-expr","locations":[{"start":{"line":273,"column":29},"end":{"line":273,"column":47}},{"start":{"line":273,"column":47},"end":{"line":273,"column":null}}],"line":273},"31":{"loc":{"start":{"line":277,"column":30},"end":{"line":277,"column":null}},"type":"binary-expr","locations":[{"start":{"line":277,"column":30},"end":{"line":277,"column":50}},{"start":{"line":277,"column":50},"end":{"line":277,"column":79}},{"start":{"line":277,"column":79},"end":{"line":277,"column":null}}],"line":277},"32":{"loc":{"start":{"line":285,"column":31},"end":{"line":285,"column":null}},"type":"cond-expr","locations":[{"start":{"line":285,"column":59},"end":{"line":285,"column":77}},{"start":{"line":285,"column":77},"end":{"line":285,"column":null}}],"line":285},"33":{"loc":{"start":{"line":293,"column":8},"end":{"line":295,"column":null}},"type":"if","locations":[{"start":{"line":293,"column":8},"end":{"line":295,"column":null}},{"start":{},"end":{}}],"line":293}},"s":{"0":1,"1":7,"2":7,"3":3,"4":0,"5":3,"6":3,"7":3,"8":3,"9":3,"10":3,"11":3,"12":0,"13":0,"14":3,"15":3,"16":3,"17":3,"18":3,"19":3,"20":3,"21":3,"22":2,"23":0,"24":2,"25":2,"26":2,"27":2,"28":2,"29":1,"30":1,"31":1,"32":1,"33":2,"34":2,"35":2,"36":1,"37":1,"38":0,"39":0,"40":1,"41":1,"42":1,"43":2,"44":2,"45":2,"46":1,"47":1,"48":0,"49":1,"50":1,"51":1,"52":1,"53":1,"54":0,"55":1,"56":1,"57":1,"58":1,"59":1,"60":1,"61":0,"62":1,"63":0,"64":1,"65":1,"66":1,"67":1,"68":1,"69":1,"70":1,"71":1,"72":1,"73":1,"74":1,"75":1,"76":1,"77":1,"78":1,"79":0,"80":0,"81":0,"82":1,"83":1,"84":1,"85":0,"86":1,"87":1,"88":1,"89":1,"90":1,"91":1,"92":1,"93":1,"94":1,"95":1,"96":1,"97":1,"98":1,"99":0,"100":0,"101":1,"102":1,"103":1,"104":1,"105":1,"106":1,"107":1,"108":1,"109":1,"110":1,"111":1},"f":{"0":1,"1":7,"2":7,"3":3,"4":2,"5":2,"6":1,"7":1,"8":1,"9":1,"10":1,"11":0,"12":1},"b":{"0":[3],"1":[0,3],"2":[3,3],"3":[3,0],"4":[3,0],"5":[3,0,0],"6":[1,2],"7":[2],"8":[0,2],"9":[1,1],"10":[0,1],"11":[2,0],"12":[1,1],"13":[0,1],"14":[1,1],"15":[0,1],"16":[0,1],"17":[0,1],"18":[1],"19":[0,1],"20":[1,1],"21":[0,1],"22":[1,1],"23":[1,0],"24":[0,0],"25":[1,1],"26":[0,1],"27":[1,0],"28":[1,0],"29":[1,1],"30":[1,1],"31":[1,0,0],"32":[0,1],"33":[1,0]},"meta":{"lastBranch":34,"lastFunction":13,"lastStatement":112,"seen":{"f:38:4:38:18":0,"s:39:8:39:Infinity":0,"f:45:12:45:24":1,"s:46:8:46:Infinity":1,"f:52:12:52:28":2,"s:53:8:53:Infinity":2,"f:59:10:59:Infinity":3,"b:63:31:63:Infinity":0,"b:65:8:65:Infinity:undefined:undefined:undefined:undefined":1,"s:65:8:65:Infinity":3,"b:65:12:65:25:65:25:65:32":2,"s:65:32:65:Infinity":4,"s:67:14:67:Infinity":5,"s:68:14:68:Infinity":6,"s:70:30:70:Infinity":7,"b:70:30:70:55:70:55:70:Infinity":3,"s:71:28:71:Infinity":8,"b:74:8:81:Infinity:undefined:undefined:undefined:undefined":4,"s:74:8:81:Infinity":9,"s:75:12:80:Infinity":10,"s:76:16:76:Infinity":11,"s:78:16:78:Infinity":12,"s:79:16:79:Infinity":13,"s:83:28:83:Infinity":14,"s:84:32:84:Infinity":15,"s:86:24:94:Infinity":16,"b:91:22:91:42:91:42:91:71:91:71:91:Infinity":5,"s:96:8:96:Infinity":17,"s:99:27:99:Infinity":18,"b:99:55:99:73:99:73:99:Infinity":6,"s:100:8:100:Infinity":19,"s:102:8:102:Infinity":20,"s:103:8:103:Infinity":21,"f:109:10:109:Infinity":4,"b:113:31:113:Infinity":7,"b:115:8:115:Infinity:undefined:undefined:undefined:undefined":8,"s:115:8:115:Infinity":22,"s:115:23:115:Infinity":23,"s:117:14:117:Infinity":24,"s:118:26:118:Infinity":25,"s:120:8:157:Infinity":26,"f:120:33:120:40":5,"s:121:26:121:Infinity":27,"b:122:12:122:Infinity:undefined:undefined:undefined:undefined":9,"s:122:12:122:Infinity":28,"s:122:33:122:Infinity":29,"s:124:28:124:Infinity":30,"s:125:37:125:Infinity":31,"s:126:30:126:Infinity":32,"b:126:58:126:77:126:77:126:Infinity":10,"s:128:34:128:Infinity":33,"b:128:34:128:62:128:62:128:Infinity":11,"s:129:35:129:Infinity":34,"b:131:12:138:Infinity:undefined:undefined:undefined:undefined":12,"s:131:12:138:Infinity":35,"s:132:16:137:Infinity":36,"s:133:20:133:Infinity":37,"s:135:20:135:Infinity":38,"s:136:20:136:Infinity":39,"s:140:35:140:Infinity":40,"s:141:37:141:Infinity":41,"s:142:30:142:Infinity":42,"b:142:58:142:77:142:77:142:Infinity":13,"s:144:25:144:Infinity":43,"s:146:12:151:Infinity":44,"b:154:12:156:Infinity:undefined:undefined:undefined:undefined":14,"s:154:12:156:Infinity":45,"s:155:16:155:Infinity":46,"f:163:10:163:28":6,"b:164:8:164:Infinity:undefined:undefined:undefined:undefined":15,"s:164:8:164:Infinity":47,"s:164:23:164:Infinity":48,"s:166:14:166:Infinity":49,"s:167:26:167:Infinity":50,"s:169:8:179:Infinity":51,"f:169:33:169:40":7,"s:170:26:170:Infinity":52,"b:171:12:171:Infinity:undefined:undefined:undefined:undefined":16,"s:171:12:171:Infinity":53,"s:171:33:171:Infinity":54,"s:173:28:173:Infinity":55,"s:174:37:174:Infinity":56,"s:175:31:175:Infinity":57,"b:175:59:175:79:175:79:175:Infinity":17,"s:177:12:177:Infinity":58,"s:178:12:178:Infinity":59,"f:185:10:185:Infinity":8,"b:189:31:189:Infinity":18,"b:191:8:191:Infinity:undefined:undefined:undefined:undefined":19,"s:191:8:191:Infinity":60,"b:191:12:191:25:191:25:191:32":20,"s:191:32:191:Infinity":61,"b:192:8:194:Infinity:undefined:undefined:undefined:undefined":21,"s:192:8:194:Infinity":62,"b:192:12:192:29:192:29:192:56":22,"s:193:12:193:Infinity":63,"s:196:25:196:Infinity":64,"s:197:26:197:Infinity":65,"s:200:34:202:Infinity":66,"f:201:20:201:21":9,"s:201:28:201:39":67,"f:202:17:202:18":10,"s:202:25:202:46":68,"s:205:34:205:Infinity":69,"b:207:8:224:Infinity:undefined:undefined:undefined:undefined":23,"s:207:8:224:Infinity":70,"s:209:39:209:Infinity":71,"s:210:12:212:Infinity":72,"s:210:25:210:28":73,"s:211:16:211:Infinity":74,"s:214:12:223:Infinity":75,"s:215:22:215:Infinity":76,"s:216:33:216:Infinity":77,"s:217:16:222:Infinity":78,"f:217:33:217:34":11,"s:218:33:218:Infinity":79,"b:219:20:221:Infinity:undefined:undefined:undefined:undefined":24,"s:219:20:221:Infinity":80,"s:220:24:220:Infinity":81,"s:227:32:229:Infinity":82,"f:228:12:228:13":12,"s:228:20:228:Infinity":83,"b:228:20:228:36:228:36:228:Infinity":25,"b:231:8:233:Infinity:undefined:undefined:undefined:undefined":26,"s:231:8:233:Infinity":84,"s:232:12:232:Infinity":85,"s:236:33:236:Infinity":86,"s:237:26:237:Infinity":87,"s:239:8:290:Infinity":88,"s:239:21:239:24":89,"s:240:18:240:Infinity":90,"s:241:38:241:Infinity":91,"s:243:12:287:Infinity":92,"s:244:22:244:Infinity":93,"s:247:38:247:Infinity":94,"b:247:38:247:65:247:65:247:Infinity":27,"s:248:36:248:Infinity":95,"b:250:16:261:Infinity:undefined:undefined:undefined:undefined":28,"s:250:16:261:Infinity":96,"s:251:20:260:Infinity":97,"s:252:24:255:Infinity":98,"s:257:24:257:Infinity":99,"s:259:24:259:Infinity":100,"s:263:36:263:Infinity":101,"s:264:40:264:Infinity":102,"s:266:32:280:Infinity":103,"b:272:30:272:49:272:49:272:Infinity":29,"b:273:29:273:47:273:47:273:Infinity":30,"b:277:30:277:50:277:50:277:79:277:79:277:Infinity":31,"s:282:16:282:Infinity":104,"s:285:31:285:Infinity":105,"b:285:59:285:77:285:77:285:Infinity":32,"s:286:16:286:Infinity":106,"s:289:12:289:Infinity":107,"b:293:8:295:Infinity:undefined:undefined:undefined:undefined":33,"s:293:8:295:Infinity":108,"s:294:12:294:Infinity":109,"s:297:8:300:Infinity":110,"s:304:35:304:Infinity":111}}}
,"C:\\Users\\roman\\Projects\\smart-budget\\src\\utils\\currency.js": {"path":"C:\\Users\\roman\\Projects\\smart-budget\\src\\utils\\currency.js","statementMap":{"0":{"start":{"line":4,"column":23},"end":{"line":4,"column":62}},"1":{"start":{"line":8,"column":18},"end":{"line":20,"column":1}},"2":{"start":{"line":23,"column":19},"end":{"line":26,"column":6}},"3":{"start":{"line":24,"column":4},"end":{"line":24,"column":27}},"4":{"start":{"line":25,"column":4},"end":{"line":25,"column":15}},"5":{"start":{"line":29,"column":18},"end":{"line":32,"column":1}},"6":{"start":{"line":33,"column":18},"end":{"line":33,"column":32}},"7":{"start":{"line":34,"column":26},"end":{"line":34,"column":51}},"8":{"start":{"line":37,"column":28},"end":{"line":51,"column":1}},"9":{"start":{"line":38,"column":4},"end":{"line":50,"column":5}},"10":{"start":{"line":39,"column":23},"end":{"line":39,"column":62}},"11":{"start":{"line":40,"column":8},"end":{"line":47,"column":9}},"12":{"start":{"line":41,"column":27},"end":{"line":41,"column":45}},"13":{"start":{"line":42,"column":12},"end":{"line":46,"column":13}},"14":{"start":{"line":44,"column":16},"end":{"line":44,"column":45}},"15":{"start":{"line":45,"column":16},"end":{"line":45,"column":55}},"16":{"start":{"line":49,"column":8},"end":{"line":49,"column":56}},"17":{"start":{"line":53,"column":0},"end":{"line":53,"column":22}},"18":{"start":{"line":58,"column":27},"end":{"line":88,"column":1}},"19":{"start":{"line":59,"column":16},"end":{"line":59,"column":26}},"20":{"start":{"line":60,"column":4},"end":{"line":62,"column":5}},"21":{"start":{"line":61,"column":8},"end":{"line":61,"column":30}},"22":{"start":{"line":64,"column":4},"end":{"line":87,"column":5}},"23":{"start":{"line":65,"column":25},"end":{"line":65,"column":52}},"24":{"start":{"line":66,"column":8},"end":{"line":66,"column":64}},"25":{"start":{"line":66,"column":26},"end":{"line":66,"column":64}},"26":{"start":{"line":68,"column":21},"end":{"line":68,"column":42}},"27":{"start":{"line":71,"column":8},"end":{"line":71,"column":30}},"28":{"start":{"line":72,"column":8},"end":{"line":72,"column":34}},"29":{"start":{"line":74,"column":8},"end":{"line":80,"column":10}},"30":{"start":{"line":82,"column":8},"end":{"line":82,"column":20}},"31":{"start":{"line":84,"column":8},"end":{"line":84,"column":63}},"32":{"start":{"line":86,"column":8},"end":{"line":86,"column":30}},"33":{"start":{"line":96,"column":21},"end":{"line":194,"column":1}},"34":{"start":{"line":98,"column":20},"end":{"line":98,"column":40}},"35":{"start":{"line":99,"column":22},"end":{"line":99,"column":44}},"36":{"start":{"line":101,"column":4},"end":{"line":104,"column":5}},"37":{"start":{"line":103,"column":8},"end":{"line":103,"column":20}},"38":{"start":{"line":112,"column":19},"end":{"line":116,"column":5}},"39":{"start":{"line":114,"column":12},"end":{"line":115,"column":74}},"40":{"start":{"line":118,"column":4},"end":{"line":137,"column":5}},"41":{"start":{"line":119,"column":8},"end":{"line":136,"column":9}},"42":{"start":{"line":122,"column":12},"end":{"line":122,"column":58}},"43":{"start":{"line":122,"column":34},"end":{"line":122,"column":58}},"44":{"start":{"line":123,"column":12},"end":{"line":123,"column":97}},"45":{"start":{"line":123,"column":51},"end":{"line":123,"column":97}},"46":{"start":{"line":124,"column":12},"end":{"line":124,"column":53}},"47":{"start":{"line":129,"column":23},"end":{"line":129,"column":24}},"48":{"start":{"line":130,"column":12},"end":{"line":133,"column":58}},"49":{"start":{"line":130,"column":34},"end":{"line":130,"column":58}},"50":{"start":{"line":131,"column":17},"end":{"line":133,"column":58}},"51":{"start":{"line":132,"column":16},"end":{"line":132,"column":62}},"52":{"start":{"line":133,"column":17},"end":{"line":133,"column":58}},"53":{"start":{"line":135,"column":12},"end":{"line":135,"column":43}},"54":{"start":{"line":146,"column":19},"end":{"line":146,"column":22}},"55":{"start":{"line":147,"column":4},"end":{"line":147,"column":64}},"56":{"start":{"line":147,"column":52},"end":{"line":147,"column":64}},"57":{"start":{"line":149,"column":22},"end":{"line":153,"column":5}},"58":{"start":{"line":151,"column":12},"end":{"line":152,"column":71}},"59":{"start":{"line":155,"column":24},"end":{"line":159,"column":5}},"60":{"start":{"line":157,"column":12},"end":{"line":158,"column":73}},"61":{"start":{"line":161,"column":4},"end":{"line":191,"column":5}},"62":{"start":{"line":163,"column":17},"end":{"line":163,"column":18}},"63":{"start":{"line":164,"column":8},"end":{"line":174,"column":9}},"64":{"start":{"line":166,"column":12},"end":{"line":167,"column":67}},"65":{"start":{"line":166,"column":37},"end":{"line":166,"column":62}},"66":{"start":{"line":167,"column":17},"end":{"line":167,"column":67}},"67":{"start":{"line":170,"column":20},"end":{"line":170,"column":21}},"68":{"start":{"line":171,"column":12},"end":{"line":172,"column":66}},"69":{"start":{"line":171,"column":37},"end":{"line":171,"column":61}},"70":{"start":{"line":172,"column":17},"end":{"line":172,"column":66}},"71":{"start":{"line":173,"column":12},"end":{"line":173,"column":35}},"72":{"start":{"line":177,"column":17},"end":{"line":177,"column":18}},"73":{"start":{"line":178,"column":8},"end":{"line":186,"column":9}},"74":{"start":{"line":179,"column":12},"end":{"line":180,"column":71}},"75":{"start":{"line":179,"column":39},"end":{"line":179,"column":66}},"76":{"start":{"line":180,"column":17},"end":{"line":180,"column":71}},"77":{"start":{"line":182,"column":20},"end":{"line":182,"column":21}},"78":{"start":{"line":183,"column":12},"end":{"line":184,"column":70}},"79":{"start":{"line":183,"column":39},"end":{"line":183,"column":65}},"80":{"start":{"line":184,"column":17},"end":{"line":184,"column":70}},"81":{"start":{"line":185,"column":12},"end":{"line":185,"column":35}},"82":{"start":{"line":188,"column":8},"end":{"line":190,"column":9}},"83":{"start":{"line":189,"column":12},"end":{"line":189,"column":27}},"84":{"start":{"line":193,"column":4},"end":{"line":193,"column":16}},"85":{"start":{"line":196,"column":33},"end":{"line":241,"column":1}},"86":{"start":{"line":197,"column":4},"end":{"line":197,"column":35}},"87":{"start":{"line":197,"column":26},"end":{"line":197,"column":35}},"88":{"start":{"line":198,"column":4},"end":{"line":198,"column":62}},"89":{"start":{"line":198,"column":53},"end":{"line":198,"column":62}},"90":{"start":{"line":204,"column":4},"end":{"line":238,"column":5}},"91":{"start":{"line":205,"column":22},"end":{"line":205,"column":48}},"92":{"start":{"line":207,"column":19},"end":{"line":207,"column":80}},"93":{"start":{"line":209,"column":8},"end":{"line":209,"column":30}},"94":{"start":{"line":209,"column":18},"end":{"line":209,"column":30}},"95":{"start":{"line":211,"column":8},"end":{"line":211,"column":91}},"96":{"start":{"line":215,"column":8},"end":{"line":230,"column":9}},"97":{"start":{"line":219,"column":27},"end":{"line":223,"column":42}},"98":{"start":{"line":224,"column":23},"end":{"line":224,"column":43}},"99":{"start":{"line":225,"column":24},"end":{"line":227,"column":13}},"100":{"start":{"line":228,"column":22},"end":{"line":228,"column":38}},"101":{"start":{"line":229,"column":12},"end":{"line":229,"column":65}},"102":{"start":{"line":229,"column":44},"end":{"line":229,"column":65}},"103":{"start":{"line":233,"column":20},"end":{"line":233,"column":90}},"104":{"start":{"line":234,"column":18},"end":{"line":234,"column":34}},"105":{"start":{"line":235,"column":8},"end":{"line":235,"column":91}},"106":{"start":{"line":235,"column":54},"end":{"line":235,"column":91}},"107":{"start":{"line":237,"column":8},"end":{"line":237,"column":68}},"108":{"start":{"line":240,"column":4},"end":{"line":240,"column":13}},"109":{"start":{"line":244,"column":39},"end":{"line":244,"column":56}}},"fnMap":{"0":{"name":"(anonymous_0)","decl":{"start":{"line":23,"column":52},"end":{"line":23,"column":53}},"loc":{"start":{"line":23,"column":73},"end":{"line":26,"column":1}},"line":23},"1":{"name":"(anonymous_1)","decl":{"start":{"line":37,"column":28},"end":{"line":37,"column":29}},"loc":{"start":{"line":37,"column":34},"end":{"line":51,"column":1}},"line":37},"2":{"name":"(anonymous_2)","decl":{"start":{"line":58,"column":27},"end":{"line":58,"column":32}},"loc":{"start":{"line":58,"column":39},"end":{"line":88,"column":1}},"line":58},"3":{"name":"(anonymous_3)","decl":{"start":{"line":96,"column":21},"end":{"line":96,"column":22}},"loc":{"start":{"line":96,"column":54},"end":{"line":194,"column":1}},"line":96},"4":{"name":"(anonymous_4)","decl":{"start":{"line":113,"column":8},"end":{"line":113,"column":9}},"loc":{"start":{"line":114,"column":12},"end":{"line":115,"column":74}},"line":114},"5":{"name":"(anonymous_5)","decl":{"start":{"line":150,"column":8},"end":{"line":150,"column":9}},"loc":{"start":{"line":151,"column":12},"end":{"line":152,"column":71}},"line":151},"6":{"name":"(anonymous_6)","decl":{"start":{"line":156,"column":8},"end":{"line":156,"column":9}},"loc":{"start":{"line":157,"column":12},"end":{"line":158,"column":73}},"line":157},"7":{"name":"(anonymous_7)","decl":{"start":{"line":196,"column":33},"end":{"line":196,"column":38}},"loc":{"start":{"line":196,"column":75},"end":{"line":241,"column":1}},"line":196}},"branchMap":{"0":{"loc":{"start":{"line":40,"column":8},"end":{"line":47,"column":9}},"type":"if","locations":[{"start":{"line":40,"column":8},"end":{"line":47,"column":9}},{"start":{},"end":{}}],"line":40},"1":{"loc":{"start":{"line":42,"column":12},"end":{"line":46,"column":13}},"type":"if","locations":[{"start":{"line":42,"column":12},"end":{"line":46,"column":13}},{"start":{},"end":{}}],"line":42},"2":{"loc":{"start":{"line":60,"column":4},"end":{"line":62,"column":5}},"type":"if","locations":[{"start":{"line":60,"column":4},"end":{"line":62,"column":5}},{"start":{},"end":{}}],"line":60},"3":{"loc":{"start":{"line":60,"column":8},"end":{"line":60,"column":74}},"type":"binary-expr","locations":[{"start":{"line":60,"column":8},"end":{"line":60,"column":33}},{"start":{"line":60,"column":37},"end":{"line":60,"column":74}}],"line":60},"4":{"loc":{"start":{"line":66,"column":8},"end":{"line":66,"column":64}},"type":"if","locations":[{"start":{"line":66,"column":8},"end":{"line":66,"column":64}},{"start":{},"end":{}}],"line":66},"5":{"loc":{"start":{"line":101,"column":4},"end":{"line":104,"column":5}},"type":"if","locations":[{"start":{"line":101,"column":4},"end":{"line":104,"column":5}},{"start":{},"end":{}}],"line":101},"6":{"loc":{"start":{"line":101,"column":8},"end":{"line":101,"column":30}},"type":"binary-expr","locations":[{"start":{"line":101,"column":8},"end":{"line":101,"column":16}},{"start":{"line":101,"column":20},"end":{"line":101,"column":30}}],"line":101},"7":{"loc":{"start":{"line":114,"column":12},"end":{"line":115,"column":74}},"type":"binary-expr","locations":[{"start":{"line":114,"column":13},"end":{"line":114,"column":40}},{"start":{"line":114,"column":44},"end":{"line":114,"column":73}},{"start":{"line":115,"column":13},"end":{"line":115,"column":42}},{"start":{"line":115,"column":46},"end":{"line":115,"column":73}}],"line":114},"8":{"loc":{"start":{"line":118,"column":4},"end":{"line":137,"column":5}},"type":"if","locations":[{"start":{"line":118,"column":4},"end":{"line":137,"column":5}},{"start":{},"end":{}}],"line":118},"9":{"loc":{"start":{"line":119,"column":8},"end":{"line":136,"column":9}},"type":"if","locations":[{"start":{"line":119,"column":8},"end":{"line":136,"column":9}},{"start":{"line":125,"column":15},"end":{"line":136,"column":9}}],"line":119},"10":{"loc":{"start":{"line":119,"column":12},"end":{"line":119,"column":82}},"type":"binary-expr","locations":[{"start":{"line":119,"column":12},"end":{"line":119,"column":44}},{"start":{"line":119,"column":48},"end":{"line":119,"column":82}}],"line":119},"11":{"loc":{"start":{"line":122,"column":12},"end":{"line":122,"column":58}},"type":"if","locations":[{"start":{"line":122,"column":12},"end":{"line":122,"column":58}},{"start":{},"end":{}}],"line":122},"12":{"loc":{"start":{"line":123,"column":12},"end":{"line":123,"column":97}},"type":"if","locations":[{"start":{"line":123,"column":12},"end":{"line":123,"column":97}},{"start":{},"end":{}}],"line":123},"13":{"loc":{"start":{"line":123,"column":16},"end":{"line":123,"column":49}},"type":"binary-expr","locations":[{"start":{"line":123,"column":16},"end":{"line":123,"column":30}},{"start":{"line":123,"column":34},"end":{"line":123,"column":49}}],"line":123},"14":{"loc":{"start":{"line":124,"column":19},"end":{"line":124,"column":52}},"type":"binary-expr","locations":[{"start":{"line":124,"column":19},"end":{"line":124,"column":33}},{"start":{"line":124,"column":37},"end":{"line":124,"column":52}}],"line":124},"15":{"loc":{"start":{"line":130,"column":12},"end":{"line":133,"column":58}},"type":"if","locations":[{"start":{"line":130,"column":12},"end":{"line":133,"column":58}},{"start":{"line":131,"column":17},"end":{"line":133,"column":58}}],"line":130},"16":{"loc":{"start":{"line":131,"column":17},"end":{"line":133,"column":58}},"type":"if","locations":[{"start":{"line":131,"column":17},"end":{"line":133,"column":58}},{"start":{"line":133,"column":17},"end":{"line":133,"column":58}}],"line":131},"17":{"loc":{"start":{"line":131,"column":21},"end":{"line":131,"column":54}},"type":"binary-expr","locations":[{"start":{"line":131,"column":21},"end":{"line":131,"column":35}},{"start":{"line":131,"column":39},"end":{"line":131,"column":54}}],"line":131},"18":{"loc":{"start":{"line":133,"column":24},"end":{"line":133,"column":57}},"type":"binary-expr","locations":[{"start":{"line":133,"column":24},"end":{"line":133,"column":38}},{"start":{"line":133,"column":42},"end":{"line":133,"column":57}}],"line":133},"19":{"loc":{"start":{"line":135,"column":19},"end":{"line":135,"column":42}},"type":"cond-expr","locations":[{"start":{"line":135,"column":30},"end":{"line":135,"column":38}},{"start":{"line":135,"column":41},"end":{"line":135,"column":42}}],"line":135},"20":{"loc":{"start":{"line":147,"column":4},"end":{"line":147,"column":64}},"type":"if","locations":[{"start":{"line":147,"column":4},"end":{"line":147,"column":64}},{"start":{},"end":{}}],"line":147},"21":{"loc":{"start":{"line":147,"column":8},"end":{"line":147,"column":50}},"type":"binary-expr","locations":[{"start":{"line":147,"column":8},"end":{"line":147,"column":26}},{"start":{"line":147,"column":30},"end":{"line":147,"column":50}}],"line":147},"22":{"loc":{"start":{"line":151,"column":12},"end":{"line":152,"column":71}},"type":"binary-expr","locations":[{"start":{"line":151,"column":13},"end":{"line":151,"column":40}},{"start":{"line":151,"column":44},"end":{"line":151,"column":70}},{"start":{"line":152,"column":13},"end":{"line":152,"column":39}},{"start":{"line":152,"column":43},"end":{"line":152,"column":70}}],"line":151},"23":{"loc":{"start":{"line":157,"column":12},"end":{"line":158,"column":73}},"type":"binary-expr","locations":[{"start":{"line":157,"column":13},"end":{"line":157,"column":42}},{"start":{"line":157,"column":46},"end":{"line":157,"column":72}},{"start":{"line":158,"column":13},"end":{"line":158,"column":39}},{"start":{"line":158,"column":43},"end":{"line":158,"column":72}}],"line":157},"24":{"loc":{"start":{"line":161,"column":4},"end":{"line":191,"column":5}},"type":"if","locations":[{"start":{"line":161,"column":4},"end":{"line":191,"column":5}},{"start":{},"end":{}}],"line":161},"25":{"loc":{"start":{"line":161,"column":8},"end":{"line":161,"column":32}},"type":"binary-expr","locations":[{"start":{"line":161,"column":8},"end":{"line":161,"column":17}},{"start":{"line":161,"column":21},"end":{"line":161,"column":32}}],"line":161},"26":{"loc":{"start":{"line":164,"column":8},"end":{"line":174,"column":9}},"type":"if","locations":[{"start":{"line":164,"column":8},"end":{"line":174,"column":9}},{"start":{"line":168,"column":15},"end":{"line":174,"column":9}}],"line":164},"27":{"loc":{"start":{"line":166,"column":12},"end":{"line":167,"column":67}},"type":"if","locations":[{"start":{"line":166,"column":12},"end":{"line":167,"column":67}},{"start":{"line":167,"column":17},"end":{"line":167,"column":67}}],"line":166},"28":{"loc":{"start":{"line":171,"column":12},"end":{"line":172,"column":66}},"type":"if","locations":[{"start":{"line":171,"column":12},"end":{"line":172,"column":66}},{"start":{"line":172,"column":17},"end":{"line":172,"column":66}}],"line":171},"29":{"loc":{"start":{"line":173,"column":17},"end":{"line":173,"column":34}},"type":"cond-expr","locations":[{"start":{"line":173,"column":25},"end":{"line":173,"column":30}},{"start":{"line":173,"column":33},"end":{"line":173,"column":34}}],"line":173},"30":{"loc":{"start":{"line":178,"column":8},"end":{"line":186,"column":9}},"type":"if","locations":[{"start":{"line":178,"column":8},"end":{"line":186,"column":9}},{"start":{"line":181,"column":15},"end":{"line":186,"column":9}}],"line":178},"31":{"loc":{"start":{"line":179,"column":12},"end":{"line":180,"column":71}},"type":"if","locations":[{"start":{"line":179,"column":12},"end":{"line":180,"column":71}},{"start":{"line":180,"column":17},"end":{"line":180,"column":71}}],"line":179},"32":{"loc":{"start":{"line":183,"column":12},"end":{"line":184,"column":70}},"type":"if","locations":[{"start":{"line":183,"column":12},"end":{"line":184,"column":70}},{"start":{"line":184,"column":17},"end":{"line":184,"column":70}}],"line":183},"33":{"loc":{"start":{"line":185,"column":17},"end":{"line":185,"column":34}},"type":"cond-expr","locations":[{"start":{"line":185,"column":25},"end":{"line":185,"column":30}},{"start":{"line":185,"column":33},"end":{"line":185,"column":34}}],"line":185},"34":{"loc":{"start":{"line":188,"column":8},"end":{"line":190,"column":9}},"type":"if","locations":[{"start":{"line":188,"column":8},"end":{"line":190,"column":9}},{"start":{},"end":{}}],"line":188},"35":{"loc":{"start":{"line":188,"column":12},"end":{"line":188,"column":28}},"type":"binary-expr","locations":[{"start":{"line":188,"column":12},"end":{"line":188,"column":18}},{"start":{"line":188,"column":22},"end":{"line":188,"column":28}}],"line":188},"36":{"loc":{"start":{"line":196,"column":54},"end":{"line":196,"column":70}},"type":"default-arg","locations":[{"start":{"line":196,"column":65},"end":{"line":196,"column":70}}],"line":196},"37":{"loc":{"start":{"line":197,"column":4},"end":{"line":197,"column":35}},"type":"if","locations":[{"start":{"line":197,"column":4},"end":{"line":197,"column":35}},{"start":{},"end":{}}],"line":197},"38":{"loc":{"start":{"line":197,"column":8},"end":{"line":197,"column":24}},"type":"binary-expr","locations":[{"start":{"line":197,"column":8},"end":{"line":197,"column":13}},{"start":{"line":197,"column":17},"end":{"line":197,"column":24}}],"line":197},"39":{"loc":{"start":{"line":198,"column":4},"end":{"line":198,"column":62}},"type":"if","locations":[{"start":{"line":198,"column":4},"end":{"line":198,"column":62}},{"start":{},"end":{}}],"line":198},"40":{"loc":{"start":{"line":209,"column":8},"end":{"line":209,"column":30}},"type":"if","locations":[{"start":{"line":209,"column":8},"end":{"line":209,"column":30}},{"start":{},"end":{}}],"line":209},"41":{"loc":{"start":{"line":215,"column":8},"end":{"line":230,"column":9}},"type":"if","locations":[{"start":{"line":215,"column":8},"end":{"line":230,"column":9}},{"start":{},"end":{}}],"line":215},"42":{"loc":{"start":{"line":216,"column":12},"end":{"line":217,"column":96}},"type":"binary-expr","locations":[{"start":{"line":216,"column":12},"end":{"line":216,"column":20}},{"start":{"line":217,"column":12},"end":{"line":217,"column":96}}],"line":216},"43":{"loc":{"start":{"line":229,"column":12},"end":{"line":229,"column":65}},"type":"if","locations":[{"start":{"line":229,"column":12},"end":{"line":229,"column":65}},{"start":{},"end":{}}],"line":229},"44":{"loc":{"start":{"line":229,"column":16},"end":{"line":229,"column":42}},"type":"binary-expr","locations":[{"start":{"line":229,"column":16},"end":{"line":229,"column":25}},{"start":{"line":229,"column":29},"end":{"line":229,"column":42}}],"line":229},"45":{"loc":{"start":{"line":235,"column":8},"end":{"line":235,"column":91}},"type":"if","locations":[{"start":{"line":235,"column":8},"end":{"line":235,"column":91}},{"start":{},"end":{}}],"line":235},"46":{"loc":{"start":{"line":235,"column":12},"end":{"line":235,"column":52}},"type":"binary-expr","locations":[{"start":{"line":235,"column":12},"end":{"line":235,"column":19}},{"start":{"line":235,"column":23},"end":{"line":235,"column":52}}],"line":235}},"s":{"0":5,"1":5,"2":5,"3":50,"4":50,"5":5,"6":5,"7":5,"8":5,"9":5,"10":5,"11":5,"12":0,"13":0,"14":0,"15":0,"16":0,"17":5,"18":5,"19":5,"20":5,"21":1,"22":4,"23":4,"24":4,"25":1,"26":3,"27":3,"28":3,"29":3,"30":3,"31":1,"32":1,"33":5,"34":5,"35":5,"36":5,"37":0,"38":5,"39":5,"40":5,"41":3,"42":3,"43":0,"44":3,"45":3,"46":0,"47":0,"48":0,"49":0,"50":0,"51":0,"52":0,"53":0,"54":2,"55":2,"56":0,"57":2,"58":1,"59":2,"60":2,"61":2,"62":1,"63":1,"64":1,"65":0,"66":1,"67":0,"68":0,"69":0,"70":0,"71":0,"72":1,"73":1,"74":1,"75":0,"76":1,"77":0,"78":0,"79":0,"80":0,"81":0,"82":1,"83":1,"84":1,"85":5,"86":6,"87":0,"88":6,"89":1,"90":5,"91":5,"92":5,"93":5,"94":4,"95":1,"96":1,"97":0,"98":0,"99":0,"100":0,"101":0,"102":0,"103":1,"104":1,"105":1,"106":1,"107":0,"108":0,"109":5},"f":{"0":50,"1":5,"2":5,"3":5,"4":5,"5":1,"6":2,"7":6},"b":{"0":[0,5],"1":[0,0],"2":[1,4],"3":[5,1],"4":[1,3],"5":[0,5],"6":[5,5],"7":[5,4,2,1],"8":[3,2],"9":[3,0],"10":[3,3],"11":[0,3],"12":[3,0],"13":[3,3],"14":[0,0],"15":[0,0],"16":[0,0],"17":[0,0],"18":[0,0],"19":[0,0],"20":[0,2],"21":[2,2],"22":[1,1,0,0],"23":[2,1,1,0],"24":[1,1],"25":[2,1],"26":[1,0],"27":[0,1],"28":[0,0],"29":[0,0],"30":[1,0],"31":[0,1],"32":[0,0],"33":[0,0],"34":[1,0],"35":[1,1],"36":[6],"37":[0,6],"38":[6,6],"39":[1,5],"40":[4,1],"41":[0,1],"42":[1,1],"43":[0,0],"44":[0,0],"45":[1,0],"46":[1,1]},"meta":{"lastBranch":47,"lastFunction":8,"lastStatement":110,"seen":{"s:4:23:4:62":0,"s:8:18:20:1":1,"s:23:19:26:6":2,"f:23:52:23:53":0,"s:24:4:24:27":3,"s:25:4:25:15":4,"s:29:18:32:1":5,"s:33:18:33:32":6,"s:34:26:34:51":7,"s:37:28:51:1":8,"f:37:28:37:29":1,"s:38:4:50:5":9,"s:39:23:39:62":10,"b:40:8:47:9:undefined:undefined:undefined:undefined":0,"s:40:8:47:9":11,"s:41:27:41:45":12,"b:42:12:46:13:undefined:undefined:undefined:undefined":1,"s:42:12:46:13":13,"s:44:16:44:45":14,"s:45:16:45:55":15,"s:49:8:49:56":16,"s:53:0:53:22":17,"s:58:27:88:1":18,"f:58:27:58:32":2,"s:59:16:59:26":19,"b:60:4:62:5:undefined:undefined:undefined:undefined":2,"s:60:4:62:5":20,"b:60:8:60:33:60:37:60:74":3,"s:61:8:61:30":21,"s:64:4:87:5":22,"s:65:25:65:52":23,"b:66:8:66:64:undefined:undefined:undefined:undefined":4,"s:66:8:66:64":24,"s:66:26:66:64":25,"s:68:21:68:42":26,"s:71:8:71:30":27,"s:72:8:72:34":28,"s:74:8:80:10":29,"s:82:8:82:20":30,"s:84:8:84:63":31,"s:86:8:86:30":32,"s:96:21:194:1":33,"f:96:21:96:22":3,"s:98:20:98:40":34,"s:99:22:99:44":35,"b:101:4:104:5:undefined:undefined:undefined:undefined":5,"s:101:4:104:5":36,"b:101:8:101:16:101:20:101:30":6,"s:103:8:103:20":37,"s:112:19:116:5":38,"f:113:8:113:9":4,"s:114:12:115:74":39,"b:114:13:114:40:114:44:114:73:115:13:115:42:115:46:115:73":7,"b:118:4:137:5:undefined:undefined:undefined:undefined":8,"s:118:4:137:5":40,"b:119:8:136:9:125:15:136:9":9,"s:119:8:136:9":41,"b:119:12:119:44:119:48:119:82":10,"b:122:12:122:58:undefined:undefined:undefined:undefined":11,"s:122:12:122:58":42,"s:122:34:122:58":43,"b:123:12:123:97:undefined:undefined:undefined:undefined":12,"s:123:12:123:97":44,"b:123:16:123:30:123:34:123:49":13,"s:123:51:123:97":45,"s:124:12:124:53":46,"b:124:19:124:33:124:37:124:52":14,"s:129:23:129:24":47,"b:130:12:133:58:131:17:133:58":15,"s:130:12:133:58":48,"s:130:34:130:58":49,"b:131:17:133:58:133:17:133:58":16,"s:131:17:133:58":50,"b:131:21:131:35:131:39:131:54":17,"s:132:16:132:62":51,"s:133:17:133:58":52,"b:133:24:133:38:133:42:133:57":18,"s:135:12:135:43":53,"b:135:30:135:38:135:41:135:42":19,"s:146:19:146:22":54,"b:147:4:147:64:undefined:undefined:undefined:undefined":20,"s:147:4:147:64":55,"b:147:8:147:26:147:30:147:50":21,"s:147:52:147:64":56,"s:149:22:153:5":57,"f:150:8:150:9":5,"s:151:12:152:71":58,"b:151:13:151:40:151:44:151:70:152:13:152:39:152:43:152:70":22,"s:155:24:159:5":59,"f:156:8:156:9":6,"s:157:12:158:73":60,"b:157:13:157:42:157:46:157:72:158:13:158:39:158:43:158:72":23,"b:161:4:191:5:undefined:undefined:undefined:undefined":24,"s:161:4:191:5":61,"b:161:8:161:17:161:21:161:32":25,"s:163:17:163:18":62,"b:164:8:174:9:168:15:174:9":26,"s:164:8:174:9":63,"b:166:12:167:67:167:17:167:67":27,"s:166:12:167:67":64,"s:166:37:166:62":65,"s:167:17:167:67":66,"s:170:20:170:21":67,"b:171:12:172:66:172:17:172:66":28,"s:171:12:172:66":68,"s:171:37:171:61":69,"s:172:17:172:66":70,"s:173:12:173:35":71,"b:173:25:173:30:173:33:173:34":29,"s:177:17:177:18":72,"b:178:8:186:9:181:15:186:9":30,"s:178:8:186:9":73,"b:179:12:180:71:180:17:180:71":31,"s:179:12:180:71":74,"s:179:39:179:66":75,"s:180:17:180:71":76,"s:182:20:182:21":77,"b:183:12:184:70:184:17:184:70":32,"s:183:12:184:70":78,"s:183:39:183:65":79,"s:184:17:184:70":80,"s:185:12:185:35":81,"b:185:25:185:30:185:33:185:34":33,"b:188:8:190:9:undefined:undefined:undefined:undefined":34,"s:188:8:190:9":82,"b:188:12:188:18:188:22:188:28":35,"s:189:12:189:27":83,"s:193:4:193:16":84,"s:196:33:241:1":85,"f:196:33:196:38":7,"b:196:65:196:70":36,"b:197:4:197:35:undefined:undefined:undefined:undefined":37,"s:197:4:197:35":86,"b:197:8:197:13:197:17:197:24":38,"s:197:26:197:35":87,"b:198:4:198:62:undefined:undefined:undefined:undefined":39,"s:198:4:198:62":88,"s:198:53:198:62":89,"s:204:4:238:5":90,"s:205:22:205:48":91,"s:207:19:207:80":92,"b:209:8:209:30:undefined:undefined:undefined:undefined":40,"s:209:8:209:30":93,"s:209:18:209:30":94,"s:211:8:211:91":95,"b:215:8:230:9:undefined:undefined:undefined:undefined":41,"s:215:8:230:9":96,"b:216:12:216:20:217:12:217:96":42,"s:219:27:223:42":97,"s:224:23:224:43":98,"s:225:24:227:13":99,"s:228:22:228:38":100,"b:229:12:229:65:undefined:undefined:undefined:undefined":43,"s:229:12:229:65":101,"b:229:16:229:25:229:29:229:42":44,"s:229:44:229:65":102,"s:233:20:233:90":103,"s:234:18:234:34":104,"b:235:8:235:91:undefined:undefined:undefined:undefined":45,"s:235:8:235:91":105,"b:235:12:235:19:235:23:235:52":46,"s:235:54:235:91":106,"s:237:8:237:68":107,"s:240:4:240:13":108,"s:244:39:244:56":109}}}
}
